2023.10.08 22:03:11 INFO  Started: Metals version 1.0.1 in folders '/home/jimple/Documents/ysyx/ysyx-workbench/npc_chisel' for client Visual Studio Code 1.82.2.[0m
Oct 08, 2023 10:03:11 PM org.flywaydb.core.internal.license.VersionPrinter printVersionOnly
INFO: Flyway Community Edition 9.21.2 by Redgate
Oct 08, 2023 10:03:11 PM org.flywaydb.core.internal.license.VersionPrinter printVersion
INFO: See release notes here: https://rd.gt/416ObMi
Oct 08, 2023 10:03:11 PM org.flywaydb.core.internal.license.VersionPrinter printVersion
INFO: 
Oct 08, 2023 10:03:11 PM org.flywaydb.core.FlywayExecutor execute
INFO: Database: jdbc:h2:file:/home/jimple/Documents/ysyx/ysyx-workbench/npc_chisel/.metals/metals (H2 2.1)
Oct 08, 2023 10:03:11 PM org.flywaydb.core.internal.schemahistory.JdbcTableSchemaHistory allAppliedMigrations
INFO: Schema history table "PUBLIC"."flyway_schema_history" does not exist yet
Oct 08, 2023 10:03:11 PM org.flywaydb.core.internal.command.DbValidate validate
INFO: Successfully validated 4 migrations (execution time 00:00.009s)
Oct 08, 2023 10:03:11 PM org.flywaydb.core.internal.schemahistory.JdbcTableSchemaHistory create
INFO: Creating Schema History table "PUBLIC"."flyway_schema_history" ...
Oct 08, 2023 10:03:11 PM org.flywaydb.core.internal.command.DbMigrate migrateGroup
INFO: Current version of schema "PUBLIC": << Empty Schema >>
Oct 08, 2023 10:03:11 PM org.flywaydb.core.internal.command.DbMigrate doMigrateGroup
INFO: Migrating schema "PUBLIC" to version "1 - Create tables"
Oct 08, 2023 10:03:11 PM org.flywaydb.core.internal.command.DbMigrate doMigrateGroup
INFO: Migrating schema "PUBLIC" to version "2 - Server discovery"
Oct 08, 2023 10:03:11 PM org.flywaydb.core.internal.command.DbMigrate doMigrateGroup
INFO: Migrating schema "PUBLIC" to version "3 - Jar symbols"
Oct 08, 2023 10:03:11 PM org.flywaydb.core.internal.command.DbMigrate doMigrateGroup
INFO: Migrating schema "PUBLIC" to version "4 - Fingerprints"
Oct 08, 2023 10:03:11 PM org.flywaydb.core.internal.command.DbMigrate logSummary
INFO: Successfully applied 4 migrations to schema "PUBLIC", now at version v4 (execution time 00:00.014s)
2023.10.08 22:03:11 INFO  time: initialize in 0.36s[0m
2023.10.08 22:03:12 WARN  Build server is not auto-connectable.[0m
2023.10.08 22:03:14 INFO  running '/home/jimple/Documents/ysyx/ysyx-workbench/npc_chisel/.metals/millw --mill-version 0.11.1 --import ivy:com.lihaoyi::mill-contrib-bloop: mill.contrib.bloop.Bloop/install'[0m
2023.10.08 22:03:14 INFO  Downloading mill 0.11.1 from https://repo1.maven.org/maven2/com/lihaoyi/mill-dist/0.11.1/mill-dist-0.11.1.jar ...[0m
2023.10.08 22:03:14 INFO    % Total    % Received % Xferd  Average Speed   Time    Time     Time  Current[0m
2023.10.08 22:03:14 INFO                                   Dload  Upload   Total   Spent    Left  Speed[0m
2023.10.08 22:03:14 INFO  [0m
2023.10.08 22:03:16 INFO    0     0    0     0    0     0      0      0 --:--:-- --:--:-- --:--:--     0[0m
2023.10.08 22:03:16 INFO    0     0    0     0    0     0      0      0 --:--:--  0:00:01 --:--:--     0[0m
2023.10.08 22:03:17 INFO    0     0    0     0    0     0      0      0 --:--:--  0:00:02 --:--:--     0[0m
DanglingParentheses: top-level presets deprecated; use 'preset' subsection
2023.10.08 22:03:19 INFO    0 57.5M    0  5683    0     0   2082      0  8:02:45  0:00:02  8:02:43  2082[0m
2023.10.08 22:03:19 INFO    0 57.5M    0  111k    0     0  28166      0  0:35:41  0:00:04  0:35:37 28169[0m
2023.10.08 22:03:20 INFO    0 57.5M    0  111k    0     0  23400      0  0:42:57  0:00:04  0:42:53 23399[0m
2023.10.08 22:03:20 INFO    0 57.5M    0  255k    0     0  45414      0  0:22:07  0:00:05  0:22:02 57395[0m
2023.10.08 22:03:22 INFO    0 57.5M    0  383k    0     0  58125      0  0:17:17  0:00:06  0:17:11 82552[0m
2023.10.08 22:03:23 INFO    0 57.5M    0  495k    0     0  65688      0  0:15:18  0:00:07  0:15:11   98k[0m
2023.10.08 22:03:23 INFO    1 57.5M    1  608k    0     0  70773      0  0:14:12  0:00:08  0:14:04  104k[0m
2023.10.08 22:03:25 INFO    1 57.5M    1  736k    0     0  77326      0  0:12:59  0:00:09  0:12:50  128k[0m
2023.10.08 22:03:25 INFO    1 57.5M    1  847k    0     0  80420      0  0:12:29  0:00:10  0:12:19  117k[0m
2023.10.08 22:03:27 INFO    1 57.5M    1  959k    0     0  83491      0  0:12:02  0:00:11  0:11:51  114k[0m
2023.10.08 22:03:28 INFO    1 57.5M    1 1056k    0     0  84485      0  0:11:53  0:00:12  0:11:41  110k[0m
2023.10.08 22:03:28 INFO    2 57.5M    2 1184k    0     0  87839      0  0:11:26  0:00:13  0:11:13  115k[0m
2023.10.08 22:03:30 INFO    2 57.5M    2 1312k    0     0  90811      0  0:11:04  0:00:14  0:10:50  114k[0m
2023.10.08 22:03:31 INFO    2 57.5M    2 1440k    0     0  93678      0  0:10:43  0:00:15  0:10:28  119k[0m
2023.10.08 22:03:31 INFO    2 57.5M    2 1568k    0     0  95857      0  0:10:29  0:00:16  0:10:13  122k[0m
2023.10.08 22:03:33 INFO    2 57.5M    2 1663k    0     0  96062      0  0:10:27  0:00:17  0:10:10  123k[0m
2023.10.08 22:03:33 INFO    3 57.5M    3 1791k    0     0  97608      0  0:10:17  0:00:18  0:09:59  121k[0m
2023.10.08 22:03:35 INFO    3 57.5M    3 1919k    0     0  99367      0  0:10:06  0:00:19  0:09:47  121k[0m
2023.10.08 22:03:35 INFO    3 57.5M    3 2031k    0     0    97k      0  0:10:02  0:00:20  0:09:42  117k[0m
2023.10.08 22:03:37 INFO    3 57.5M    3 2175k    0     0   100k      0  0:09:48  0:00:21  0:09:27  121k[0m
2023.10.08 22:03:38 INFO    3 57.5M    3 2303k    0     0   101k      0  0:09:41  0:00:22  0:09:19  128k[0m
2023.10.08 22:03:39 INFO    4 57.5M    4 2415k    0     0   101k      0  0:09:40  0:00:23  0:09:17  124k[0m
2023.10.08 22:03:39 INFO    4 57.5M    4 2495k    0     0   100k      0  0:09:46  0:00:24  0:09:22  113k[0m
2023.10.08 22:03:41 INFO    4 57.5M    4 2623k    0     0   101k      0  0:09:38  0:00:25  0:09:13  119k[0m
2023.10.08 22:03:42 INFO    4 57.5M    4 2767k    0     0   102k      0  0:09:32  0:00:26  0:09:06  114k[0m
2023.10.08 22:03:44 INFO    4 57.5M    4 2848k    0     0   102k      0  0:09:37  0:00:27  0:09:10  104k[0m
2023.10.08 22:03:44 INFO    5 57.5M    5 2959k    0     0   101k      0  0:09:39  0:00:29  0:09:10  102k[0m
2023.10.08 22:03:45 INFO    5 57.5M    5 3040k    0     0   101k      0  0:09:37  0:00:29  0:09:08  109k[0m
2023.10.08 22:03:45 INFO    5 57.5M    5 3151k    0     0   102k      0  0:09:37  0:00:30  0:09:07  102k[0m
2023.10.08 22:03:47 INFO    5 57.5M    5 3232k    0     0   101k      0  0:09:39  0:00:31  0:09:08 96460[0m
2023.10.08 22:03:47 INFO    5 57.5M    5 3343k    0     0   101k      0  0:09:38  0:00:32  0:09:06  100k[0m
2023.10.08 22:03:49 INFO    5 57.5M    5 3455k    0     0   102k      0  0:09:35  0:00:33  0:09:02  107k[0m
2023.10.08 22:03:49 INFO    6 57.5M    6 3567k    0     0   102k      0  0:09:35  0:00:34  0:09:01  104k[0m
2023.10.08 22:03:51 INFO    6 57.5M    6 3680k    0     0   102k      0  0:09:32  0:00:35  0:08:57  107k[0m
2023.10.08 22:03:51 INFO    6 57.5M    6 3808k    0     0   103k      0  0:09:29  0:00:36  0:08:53  115k[0m
2023.10.08 22:03:53 INFO    6 57.5M    6 3903k    0     0   103k      0  0:09:29  0:00:37  0:08:52  113k[0m
2023.10.08 22:03:54 INFO    6 57.5M    6 4064k    0     0   104k      0  0:09:21  0:00:38  0:08:43  121k[0m
2023.10.08 22:03:55 INFO    7 57.5M    7 4192k    0     0   105k      0  0:09:20  0:00:39  0:08:41  124k[0m
2023.10.08 22:03:55 INFO    7 57.5M    7 4303k    0     0   105k      0  0:09:19  0:00:40  0:08:39  121k[0m
2023.10.08 22:03:58 INFO    7 57.5M    7 4351k    0     0   103k      0  0:09:26  0:00:41  0:08:45  108k[0m
2023.10.08 22:03:58 INFO    7 57.5M    7 4431k    0     0   101k      0  0:09:37  0:00:43  0:08:54 94670[0m
2023.10.08 22:03:59 INFO    7 57.5M    7 4448k    0     0   100k      0  0:09:47  0:00:44  0:09:03 69682[0m
2023.10.08 22:03:59 INFO    7 57.5M    7 4479k    0     0    99k      0  0:09:48  0:00:44  0:09:04 60133[0m
2023.10.08 22:04:01 INFO    7 57.5M    7 4591k    0     0   100k      0  0:09:46  0:00:45  0:09:01 61087[0m
2023.10.08 22:04:02 INFO    7 57.5M    7 4687k    0     0   100k      0  0:09:47  0:00:46  0:09:01 70043[0m
2023.10.08 22:04:02 INFO    8 57.5M    8 4832k    0     0   101k      0  0:09:42  0:00:47  0:08:55 94536[0m
2023.10.08 22:04:04 INFO    8 57.5M    8 4911k    0     0   100k      0  0:09:44  0:00:48  0:08:56  105k[0m
2023.10.08 22:04:05 INFO    8 57.5M    8 5024k    0     0   101k      0  0:09:42  0:00:49  0:08:53  110k[0m
2023.10.08 22:04:05 INFO    8 57.5M    8 5167k    0     0   101k      0  0:09:39  0:00:50  0:08:49  112k[0m
2023.10.08 22:04:07 INFO    8 57.5M    8 5280k    0     0   102k      0  0:09:37  0:00:51  0:08:46  118k[0m
2023.10.08 22:04:08 INFO    9 57.5M    9 5408k    0     0   102k      0  0:09:34  0:00:52  0:08:42  116k[0m
2023.10.08 22:04:08 INFO    9 57.5M    9 5503k    0     0   102k      0  0:09:35  0:00:53  0:08:42  119k[0m
2023.10.08 22:04:10 INFO    9 57.5M    9 5600k    0     0   102k      0  0:09:35  0:00:54  0:08:41  114k[0m
2023.10.08 22:04:11 INFO    9 57.5M    9 5728k    0     0   102k      0  0:09:33  0:00:55  0:08:38  114k[0m
2023.10.08 22:04:11 INFO    9 57.5M    9 5823k    0     0   102k      0  0:09:34  0:00:56  0:08:38  107k[0m
2023.10.08 22:04:13 INFO   10 57.5M   10 5903k    0     0   102k      0  0:09:35  0:00:57  0:08:38   99k[0m
2023.10.08 22:04:13 INFO   10 57.5M   10 5999k    0     0   102k      0  0:09:36  0:00:58  0:08:38   99k[0m
2023.10.08 22:04:15 INFO   10 57.5M   10 6127k    0     0   102k      0  0:09:34  0:00:59  0:08:35  105k[0m
2023.10.08 22:04:15 INFO   10 57.5M   10 6240k    0     0   102k      0  0:09:33  0:01:00  0:08:33  101k[0m
2023.10.08 22:04:17 INFO   10 57.5M   10 6351k    0     0   102k      0  0:09:32  0:01:01  0:08:31  106k[0m
2023.10.08 22:04:17 INFO   11 57.5M   11 6479k    0     0   102k      0  0:09:32  0:01:02  0:08:30  110k[0m
2023.10.08 22:04:19 INFO   11 57.5M   11 6527k    0     0   102k      0  0:09:36  0:01:03  0:08:33  103k[0m
2023.10.08 22:04:20 INFO   11 57.5M   11 6654k    0     0   102k      0  0:09:32  0:01:04  0:08:28  105k[0m
2023.10.08 22:04:22 INFO   11 57.5M   11 6702k    0     0   101k      0  0:09:39  0:01:05  0:08:34 92883[0m
2023.10.08 22:04:22 INFO   11 57.5M   11 6814k    0     0   101k      0  0:09:39  0:01:07  0:08:32 89894[0m
2023.10.08 22:04:23 INFO   11 57.5M   11 6862k    0     0   101k      0  0:09:41  0:01:07  0:08:34 81353[0m
2023.10.08 22:04:24 INFO   11 57.5M   11 7022k    0     0   101k      0  0:09:37  0:01:08  0:08:29   98k[0m
2023.10.08 22:04:24 INFO   12 57.5M   12 7070k    0     0   101k      0  0:09:42  0:01:09  0:08:33 82351[0m
2023.10.08 22:04:26 INFO   12 57.5M   12 7134k    0     0   100k      0  0:09:44  0:01:10  0:08:34 90005[0m
2023.10.08 22:04:26 INFO   12 57.5M   12 7246k    0     0   100k      0  0:09:43  0:01:11  0:08:32 91886[0m
2023.10.08 22:04:28 INFO   12 57.5M   12 7358k    0     0   101k      0  0:09:42  0:01:12  0:08:30   98k[0m
2023.10.08 22:04:29 INFO   12 57.5M   12 7438k    0     0   100k      0  0:09:43  0:01:13  0:08:30 87359[0m
2023.10.08 22:04:29 INFO   12 57.5M   12 7566k    0     0   101k      0  0:09:41  0:01:14  0:08:27  101k[0m
2023.10.08 22:04:31 INFO   13 57.5M   13 7678k    0     0   101k      0  0:09:40  0:01:15  0:08:25  110k[0m
2023.10.08 22:04:32 INFO   13 57.5M   13 7822k    0     0   101k      0  0:09:37  0:01:16  0:08:21  117k[0m
2023.10.08 22:04:32 INFO   13 57.5M   13 7934k    0     0   102k      0  0:09:37  0:01:17  0:08:20  115k[0m
2023.10.08 22:04:34 INFO   13 57.5M   13 8046k    0     0   102k      0  0:09:36  0:01:18  0:08:18  121k[0m
2023.10.08 22:04:35 INFO   13 57.5M   13 8142k    0     0   101k      0  0:09:37  0:01:19  0:08:18  113k[0m
2023.10.08 22:04:35 INFO   14 57.5M   14 8270k    0     0   102k      0  0:09:35  0:01:20  0:08:15  115k[0m
2023.10.08 22:04:37 INFO   14 57.5M   14 8382k    0     0   102k      0  0:09:34  0:01:21  0:08:13  112k[0m
2023.10.08 22:04:38 INFO   14 57.5M   14 8510k    0     0   102k      0  0:09:33  0:01:22  0:08:11  112k[0m
2023.10.08 22:04:38 INFO   14 57.5M   14 8622k    0     0   102k      0  0:09:33  0:01:23  0:08:10  111k[0m
2023.10.08 22:04:40 INFO   14 57.5M   14 8718k    0     0   102k      0  0:09:33  0:01:24  0:08:09  115k[0m
2023.10.08 22:04:41 INFO   15 57.5M   15 8846k    0     0   103k      0  0:09:31  0:01:25  0:08:06  114k[0m
2023.10.08 22:04:42 INFO   15 57.5M   15 8974k    0     0   103k      0  0:09:30  0:01:26  0:08:04  114k[0m
2023.10.08 22:04:42 INFO   15 57.5M   15 9086k    0     0   103k      0  0:09:29  0:01:27  0:08:02  114k[0m
2023.10.08 22:04:44 INFO   15 57.5M   15 9182k    0     0   103k      0  0:09:29  0:01:28  0:08:01  115k[0m
2023.10.08 22:04:44 INFO   15 57.5M   15 9310k    0     0   103k      0  0:09:28  0:01:29  0:07:59  119k[0m
2023.10.08 22:04:46 INFO   16 57.5M   16 9438k    0     0   103k      0  0:09:26  0:01:30  0:07:56  120k[0m
2023.10.08 22:04:46 INFO   16 57.5M   16 9566k    0     0   104k      0  0:09:24  0:01:31  0:07:53  121k[0m
2023.10.08 22:04:48 INFO   16 57.5M   16 9678k    0     0   104k      0  0:09:24  0:01:32  0:07:52  123k[0m
2023.10.08 22:04:49 INFO   16 57.5M   16 9806k    0     0   104k      0  0:09:23  0:01:33  0:07:50  125k[0m
2023.10.08 22:04:51 INFO   16 57.5M   16 9934k    0     0   104k      0  0:09:22  0:01:34  0:07:48  123k[0m
2023.10.08 22:04:51 INFO   17 57.5M   17  9.7M    0     0   104k      0  0:09:25  0:01:36  0:07:49  106k[0m
2023.10.08 22:04:52 INFO   17 57.5M   17  9.8M    0     0   104k      0  0:09:25  0:01:36  0:07:49  101k[0m
2023.10.08 22:04:53 INFO   17 57.5M   17  9.9M    0     0   104k      0  0:09:25  0:01:37  0:07:48   98k[0m
2023.10.08 22:04:53 INFO   17 57.5M   17 10.0M    0     0   103k      0  0:09:26  0:01:38  0:07:48 94124[0m
2023.10.08 22:04:55 INFO   17 57.5M   17 10.1M    0     0   103k      0  0:09:27  0:01:39  0:07:48 88158[0m
2023.10.08 22:04:55 INFO   17 57.5M   17 10.2M    0     0   103k      0  0:09:26  0:01:40  0:07:46  101k[0m
2023.10.08 22:04:57 INFO   18 57.5M   18 10.3M    0     0   104k      0  0:09:24  0:01:41  0:07:43  107k[0m
2023.10.08 22:04:57 INFO   18 57.5M   18 10.4M    0     0   103k      0  0:09:27  0:01:42  0:07:45   98k[0m
2023.10.08 22:05:00 INFO   18 57.5M   18 10.5M    0     0   104k      0  0:09:24  0:01:43  0:07:41  110k[0m
2023.10.08 22:05:00 INFO   18 57.5M   18 10.7M    0     0   104k      0  0:09:24  0:01:45  0:07:39  113k[0m
2023.10.08 22:05:01 INFO   18 57.5M   18 10.7M    0     0   104k      0  0:09:25  0:01:45  0:07:40  107k[0m
2023.10.08 22:05:01 INFO   18 57.5M   18 10.8M    0     0   104k      0  0:09:24  0:01:46  0:07:38  105k[0m
2023.10.08 22:05:03 INFO   19 57.5M   19 10.9M    0     0   104k      0  0:09:25  0:01:47  0:07:38  110k[0m
2023.10.08 22:05:03 INFO   19 57.5M   19 11.0M    0     0   104k      0  0:09:24  0:01:48  0:07:36  107k[0m
2023.10.08 22:05:05 INFO   19 57.5M   19 11.2M    0     0   104k      0  0:09:23  0:01:49  0:07:34  109k[0m
2023.10.08 22:05:06 INFO   19 57.5M   19 11.3M    0     0   104k      0  0:09:23  0:01:50  0:07:33  111k[0m
2023.10.08 22:05:08 INFO   19 57.5M   19 11.4M    0     0   104k      0  0:09:22  0:01:51  0:07:31  111k[0m
2023.10.08 22:05:08 INFO   20 57.5M   20 11.5M    0     0   104k      0  0:09:23  0:01:53  0:07:30  113k[0m
2023.10.08 22:05:09 INFO   20 57.5M   20 11.6M    0     0   104k      0  0:09:22  0:01:53  0:07:29  113k[0m
2023.10.08 22:05:10 INFO   20 57.5M   20 11.7M    0     0   104k      0  0:09:21  0:01:54  0:07:27  114k[0m
2023.10.08 22:05:11 INFO   20 57.5M   20 11.8M    0     0   105k      0  0:09:20  0:01:55  0:07:25  117k[0m
2023.10.08 22:05:12 INFO   20 57.5M   20 11.9M    0     0   104k      0  0:09:21  0:01:56  0:07:25  111k[0m
2023.10.08 22:05:12 INFO   20 57.5M   20 12.0M    0     0   104k      0  0:09:22  0:01:57  0:07:25  108k[0m
2023.10.08 22:05:14 INFO   21 57.5M   21 12.1M    0     0   104k      0  0:09:22  0:01:58  0:07:24  102k[0m
2023.10.08 22:05:14 INFO   21 57.5M   21 12.2M    0     0   104k      0  0:09:21  0:01:59  0:07:22  103k[0m
2023.10.08 22:05:16 INFO   21 57.5M   21 12.3M    0     0   105k      0  0:09:20  0:02:00  0:07:20  104k[0m
2023.10.08 22:05:16 INFO   21 57.5M   21 12.4M    0     0   104k      0  0:09:21  0:02:01  0:07:20  104k[0m
2023.10.08 22:05:19 INFO   21 57.5M   21 12.6M    0     0   105k      0  0:09:19  0:02:02  0:07:17  115k[0m
2023.10.08 22:05:19 INFO   22 57.5M   22 12.6M    0     0   104k      0  0:09:22  0:02:04  0:07:18  105k[0m
2023.10.08 22:05:20 INFO   22 57.5M   22 12.7M    0     0   104k      0  0:09:22  0:02:04  0:07:18   99k[0m
2023.10.08 22:05:21 INFO   22 57.5M   22 12.8M    0     0   104k      0  0:09:22  0:02:05  0:07:17 99200[0m
2023.10.08 22:05:21 INFO   22 57.5M   22 12.9M    0     0   104k      0  0:09:22  0:02:06  0:07:16  100k[0m
2023.10.08 22:05:23 INFO   22 57.5M   22 13.0M    0     0   104k      0  0:09:23  0:02:07  0:07:16 90004[0m
2023.10.08 22:05:23 INFO   22 57.5M   22 13.1M    0     0   104k      0  0:09:22  0:02:08  0:07:14  103k[0m
2023.10.08 22:05:25 INFO   23 57.5M   23 13.2M    0     0   104k      0  0:09:22  0:02:09  0:07:13  107k[0m
2023.10.08 22:05:25 INFO   23 57.5M   23 13.3M    0     0   104k      0  0:09:22  0:02:10  0:07:12  104k[0m
2023.10.08 22:05:27 INFO   23 57.5M   23 13.4M    0     0   104k      0  0:09:21  0:02:11  0:07:10  106k[0m
2023.10.08 22:05:28 INFO   23 57.5M   23 13.5M    0     0   104k      0  0:09:21  0:02:12  0:07:09  113k[0m
2023.10.08 22:05:30 INFO   23 57.5M   23 13.7M    0     0   104k      0  0:09:21  0:02:13  0:07:08  110k[0m
2023.10.08 22:05:30 INFO   24 57.5M   24 13.8M    0     0   104k      0  0:09:21  0:02:15  0:07:06  107k[0m
2023.10.08 22:05:32 INFO   24 57.5M   24 13.9M    0     0   104k      0  0:09:21  0:02:15  0:07:06  108k[0m
2023.10.08 22:05:32 INFO   24 57.5M   24 14.0M    0     0   104k      0  0:09:22  0:02:17  0:07:05  102k[0m
2023.10.08 22:05:34 INFO   24 57.5M   24 14.0M    0     0   104k      0  0:09:22  0:02:17  0:07:05   99k[0m
2023.10.08 22:05:34 INFO   24 57.5M   24 14.1M    0     0   104k      0  0:09:24  0:02:19  0:07:05 93988[0m
2023.10.08 22:05:35 INFO   24 57.5M   24 14.2M    0     0   104k      0  0:09:23  0:02:19  0:07:04 97586[0m
2023.10.08 22:05:36 INFO   24 57.5M   24 14.3M    0     0   104k      0  0:09:23  0:02:20  0:07:03 99799[0m
2023.10.08 22:05:37 INFO   25 57.5M   25 14.4M    0     0   104k      0  0:09:23  0:02:21  0:07:02   99k[0m
2023.10.08 22:05:38 INFO   25 57.5M   25 14.5M    0     0   104k      0  0:09:23  0:02:22  0:07:01  101k[0m
2023.10.08 22:05:39 INFO   25 57.5M   25 14.7M    0     0   104k      0  0:09:22  0:02:23  0:06:59  115k[0m
2023.10.08 22:05:40 INFO   25 57.5M   25 14.8M    0     0   104k      0  0:09:22  0:02:24  0:06:58  110k[0m
2023.10.08 22:05:40 INFO   25 57.5M   25 14.9M    0     0   104k      0  0:09:21  0:02:25  0:06:56  114k[0m
2023.10.08 22:05:42 INFO   26 57.5M   26 15.0M    0     0   105k      0  0:09:20  0:02:26  0:06:54  121k[0m
2023.10.08 22:05:42 INFO   26 57.5M   26 15.1M    0     0   105k      0  0:09:19  0:02:27  0:06:52  123k[0m
2023.10.08 22:05:44 INFO   26 57.5M   26 15.3M    0     0   105k      0  0:09:18  0:02:28  0:06:50  123k[0m
2023.10.08 22:05:45 INFO   26 57.5M   26 15.4M    0     0   105k      0  0:09:19  0:02:29  0:06:50  121k[0m
2023.10.08 22:05:45 INFO   27 57.5M   27 15.5M    0     0   105k      0  0:09:18  0:02:30  0:06:48  117k[0m
2023.10.08 22:05:47 INFO   27 57.5M   27 15.6M    0     0   105k      0  0:09:18  0:02:31  0:06:47  115k[0m
2023.10.08 22:05:47 INFO   27 57.5M   27 15.7M    0     0   105k      0  0:09:18  0:02:32  0:06:46  114k[0m
2023.10.08 22:05:49 INFO   27 57.5M   27 15.8M    0     0   105k      0  0:09:17  0:02:33  0:06:44  113k[0m
2023.10.08 22:05:50 INFO   27 57.5M   27 15.9M    0     0   105k      0  0:09:16  0:02:34  0:06:42  118k[0m
2023.10.08 22:05:50 INFO   27 57.5M   27 16.0M    0     0   105k      0  0:09:17  0:02:35  0:06:42  113k[0m
2023.10.08 22:05:52 INFO   28 57.5M   28 16.1M    0     0   105k      0  0:09:17  0:02:36  0:06:41  107k[0m
2023.10.08 22:05:53 INFO   28 57.5M   28 16.2M    0     0   105k      0  0:09:17  0:02:37  0:06:40  108k[0m
2023.10.08 22:05:53 INFO   28 57.5M   28 16.3M    0     0   105k      0  0:09:17  0:02:38  0:06:39  106k[0m
2023.10.08 22:05:55 INFO   28 57.5M   28 16.4M    0     0   105k      0  0:09:17  0:02:39  0:06:38  103k[0m
2023.10.08 22:05:55 INFO   28 57.5M   28 16.6M    0     0   105k      0  0:09:16  0:02:40  0:06:36  109k[0m
2023.10.08 22:05:57 INFO   29 57.5M   29 16.7M    0     0   105k      0  0:09:15  0:02:41  0:06:34  118k[0m
2023.10.08 22:05:58 INFO   29 57.5M   29 16.8M    0     0   105k      0  0:09:15  0:02:42  0:06:33  118k[0m
2023.10.08 22:05:59 INFO   29 57.5M   29 16.9M    0     0   106k      0  0:09:14  0:02:43  0:06:31  122k[0m
2023.10.08 22:05:59 INFO   29 57.5M   29 17.1M    0     0   106k      0  0:09:14  0:02:44  0:06:30  125k[0m
2023.10.08 22:06:01 INFO   29 57.5M   29 17.2M    0     0   106k      0  0:09:14  0:02:45  0:06:29  123k[0m
2023.10.08 22:06:01 INFO   30 57.5M   30 17.3M    0     0   106k      0  0:09:13  0:02:46  0:06:27  121k[0m
2023.10.08 22:06:03 INFO   30 57.5M   30 17.4M    0     0   106k      0  0:09:12  0:02:47  0:06:25  123k[0m
2023.10.08 22:06:03 INFO   30 57.5M   30 17.5M    0     0   106k      0  0:09:12  0:02:48  0:06:24  121k[0m
2023.10.08 22:06:05 INFO   30 57.5M   30 17.7M    0     0   106k      0  0:09:11  0:02:49  0:06:22  123k[0m
2023.10.08 22:06:07 INFO   31 57.5M   31 17.8M    0     0   106k      0  0:09:10  0:02:50  0:06:20  128k[0m
2023.10.08 22:06:07 INFO   31 57.5M   31 17.9M    0     0   106k      0  0:09:12  0:02:52  0:06:20  113k[0m
2023.10.08 22:06:08 INFO   31 57.5M   31 17.9M    0     0   106k      0  0:09:12  0:02:52  0:06:20  111k[0m
2023.10.08 22:06:08 INFO   31 57.5M   31 18.0M    0     0   106k      0  0:09:12  0:02:53  0:06:19  106k[0m
2023.10.08 22:06:10 INFO   31 57.5M   31 18.2M    0     0   106k      0  0:09:11  0:02:54  0:06:17  108k[0m
2023.10.08 22:06:11 INFO   31 57.5M   31 18.3M    0     0   106k      0  0:09:11  0:02:55  0:06:16  104k[0m
2023.10.08 22:06:12 INFO   32 57.5M   32 18.4M    0     0   106k      0  0:09:11  0:02:56  0:06:15  113k[0m
2023.10.08 22:06:12 INFO   32 57.5M   32 18.5M    0     0   106k      0  0:09:10  0:02:57  0:06:13  119k[0m
2023.10.08 22:06:14 INFO   32 57.5M   32 18.6M    0     0   107k      0  0:09:10  0:02:58  0:06:12  122k[0m
2023.10.08 22:06:14 INFO   32 57.5M   32 18.8M    0     0   107k      0  0:09:09  0:02:59  0:06:10  116k[0m
2023.10.08 22:06:16 INFO   32 57.5M   32 18.9M    0     0   107k      0  0:09:09  0:03:00  0:06:09  116k[0m
2023.10.08 22:06:17 INFO   33 57.5M   33 19.0M    0     0   107k      0  0:09:09  0:03:01  0:06:08  122k[0m
2023.10.08 22:06:17 INFO   33 57.5M   33 19.1M    0     0   107k      0  0:09:07  0:03:02  0:06:05  125k[0m
2023.10.08 22:06:19 INFO   33 57.5M   33 19.3M    0     0   107k      0  0:09:07  0:03:03  0:06:04  128k[0m
2023.10.08 22:06:19 INFO   33 57.5M   33 19.4M    0     0   107k      0  0:09:07  0:03:04  0:06:03  123k[0m
2023.10.08 22:06:21 INFO   33 57.5M   33 19.4M    0     0   107k      0  0:09:07  0:03:05  0:06:02  120k[0m
2023.10.08 22:06:21 INFO   34 57.5M   34 19.6M    0     0   107k      0  0:09:07  0:03:06  0:06:01  122k[0m
2023.10.08 22:06:23 INFO   34 57.5M   34 19.7M    0     0   107k      0  0:09:07  0:03:07  0:06:00  112k[0m
2023.10.08 22:06:23 INFO   34 57.5M   34 19.8M    0     0   107k      0  0:09:06  0:03:08  0:05:58  113k[0m
2023.10.08 22:06:25 INFO   34 57.5M   34 19.9M    0     0   107k      0  0:09:06  0:03:09  0:05:57  118k[0m
2023.10.08 22:06:26 INFO   34 57.5M   34 20.1M    0     0   107k      0  0:09:05  0:03:10  0:05:55  124k[0m
2023.10.08 22:06:27 INFO   35 57.5M   35 20.2M    0     0   108k      0  0:09:05  0:03:11  0:05:54  123k[0m
2023.10.08 22:06:27 INFO   35 57.5M   35 20.3M    0     0   108k      0  0:09:04  0:03:12  0:05:52  129k[0m
2023.10.08 22:06:30 INFO   35 57.5M   35 20.4M    0     0   108k      0  0:09:04  0:03:13  0:05:51  125k[0m
2023.10.08 22:06:30 INFO   35 57.5M   35 20.5M    0     0   107k      0  0:09:06  0:03:15  0:05:51  104k[0m
2023.10.08 22:06:31 INFO   35 57.5M   35 20.6M    0     0   107k      0  0:09:06  0:03:15  0:05:51  101k[0m
2023.10.08 22:06:31 INFO   36 57.5M   36 20.7M    0     0   107k      0  0:09:05  0:03:16  0:05:49  102k[0m
2023.10.08 22:06:33 INFO   36 57.5M   36 20.8M    0     0   108k      0  0:09:05  0:03:17  0:05:48  100k[0m
2023.10.08 22:06:33 INFO   36 57.5M   36 20.9M    0     0   107k      0  0:09:06  0:03:18  0:05:48 92733[0m
2023.10.08 22:06:35 INFO   36 57.5M   36 21.0M    0     0   107k      0  0:09:05  0:03:19  0:05:46  119k[0m
2023.10.08 22:06:36 INFO   36 57.5M   36 21.1M    0     0   107k      0  0:09:05  0:03:20  0:05:45  112k[0m
2023.10.08 22:06:37 INFO   37 57.5M   37 21.2M    0     0   107k      0  0:09:05  0:03:21  0:05:44  110k[0m
2023.10.08 22:06:37 INFO   37 57.5M   37 21.4M    0     0   108k      0  0:09:04  0:03:22  0:05:42  111k[0m
2023.10.08 22:06:39 INFO   37 57.5M   37 21.4M    0     0   108k      0  0:09:05  0:03:23  0:05:42  119k[0m
2023.10.08 22:06:39 INFO   37 57.5M   37 21.5M    0     0   107k      0  0:09:05  0:03:24  0:05:41  107k[0m
2023.10.08 22:06:41 INFO   37 57.5M   37 21.7M    0     0   108k      0  0:09:05  0:03:25  0:05:40  112k[0m
2023.10.08 22:06:42 INFO   37 57.5M   37 21.8M    0     0   108k      0  0:09:04  0:03:26  0:05:38  111k[0m
2023.10.08 22:06:42 INFO   38 57.5M   38 21.8M    0     0   107k      0  0:09:06  0:03:27  0:05:39 97967[0m
2023.10.08 22:06:44 INFO   38 57.5M   38 21.9M    0     0   107k      0  0:09:05  0:03:28  0:05:37  100k[0m
2023.10.08 22:06:45 INFO   38 57.5M   38 22.1M    0     0   107k      0  0:09:05  0:03:29  0:05:36  106k[0m
2023.10.08 22:06:45 INFO   38 57.5M   38 22.2M    0     0   107k      0  0:09:05  0:03:30  0:05:35  107k[0m
2023.10.08 22:06:47 INFO   38 57.5M   38 22.3M    0     0   108k      0  0:09:05  0:03:31  0:05:34  107k[0m
2023.10.08 22:06:48 INFO   39 57.5M   39 22.4M    0     0   108k      0  0:09:04  0:03:32  0:05:32  127k[0m
2023.10.08 22:06:49 INFO   39 57.5M   39 22.6M    0     0   108k      0  0:09:03  0:03:33  0:05:30  126k[0m
2023.10.08 22:06:49 INFO   39 57.5M   39 22.6M    0     0   108k      0  0:09:04  0:03:34  0:05:30  115k[0m
2023.10.08 22:06:51 INFO   39 57.5M   39 22.7M    0     0   107k      0  0:09:05  0:03:35  0:05:30  106k[0m
2023.10.08 22:06:52 INFO   39 57.5M   39 22.8M    0     0   108k      0  0:09:04  0:03:36  0:05:28  108k[0m
2023.10.08 22:06:52 INFO   39 57.5M   39 22.9M    0     0   107k      0  0:09:05  0:03:37  0:05:28 95965[0m
2023.10.08 22:06:54 INFO   40 57.5M   40 23.0M    0     0   108k      0  0:09:05  0:03:38  0:05:27 97843[0m
2023.10.08 22:06:54 INFO   40 57.5M   40 23.2M    0     0   108k      0  0:09:04  0:03:39  0:05:25  107k[0m
2023.10.08 22:06:56 INFO   40 57.5M   40 23.2M    0     0   108k      0  0:09:04  0:03:40  0:05:24  112k[0m
2023.10.08 22:06:57 INFO   40 57.5M   40 23.4M    0     0   108k      0  0:09:04  0:03:41  0:05:23  111k[0m
2023.10.08 22:06:57 INFO   40 57.5M   40 23.5M    0     0   108k      0  0:09:04  0:03:42  0:05:22  121k[0m
2023.10.08 22:06:59 INFO   41 57.5M   41 23.6M    0     0   108k      0  0:09:03  0:03:43  0:05:20  121k[0m
2023.10.08 22:07:00 INFO   41 57.5M   41 23.7M    0     0   108k      0  0:09:03  0:03:44  0:05:19  123k[0m
2023.10.08 22:07:01 INFO   41 57.5M   41 23.9M    0     0   108k      0  0:09:02  0:03:45  0:05:17  127k[0m
2023.10.08 22:07:01 INFO   41 57.5M   41 24.0M    0     0   108k      0  0:09:02  0:03:46  0:05:16  128k[0m
2023.10.08 22:07:03 INFO   42 57.5M   42 24.1M    0     0   108k      0  0:09:02  0:03:47  0:05:15  127k[0m
2023.10.08 22:07:03 INFO   42 57.5M   42 24.2M    0     0   108k      0  0:09:01  0:03:48  0:05:13  127k[0m
2023.10.08 22:07:05 INFO   42 57.5M   42 24.4M    0     0   108k      0  0:09:01  0:03:49  0:05:12  124k[0m
2023.10.08 22:07:06 INFO   42 57.5M   42 24.5M    0     0   108k      0  0:09:01  0:03:50  0:05:11  121k[0m
2023.10.08 22:07:06 INFO   42 57.5M   42 24.6M    0     0   108k      0  0:09:01  0:03:51  0:05:10  118k[0m
2023.10.08 22:07:08 INFO   42 57.5M   42 24.7M    0     0   108k      0  0:09:01  0:03:52  0:05:09  111k[0m
2023.10.08 22:07:08 INFO   43 57.5M   43 24.8M    0     0   108k      0  0:09:01  0:03:53  0:05:08  108k[0m
2023.10.08 22:07:10 INFO   43 57.5M   43 24.9M    0     0   108k      0  0:09:01  0:03:54  0:05:07  110k[0m
2023.10.08 22:07:11 INFO   43 57.5M   43 25.0M    0     0   108k      0  0:09:00  0:03:55  0:05:05  114k[0m
2023.10.08 22:07:12 INFO   43 57.5M   43 25.2M    0     0   108k      0  0:09:00  0:03:56  0:05:04  116k[0m
2023.10.08 22:07:12 INFO   43 57.5M   43 25.2M    0     0   108k      0  0:09:01  0:03:57  0:05:04  111k[0m
2023.10.08 22:07:14 INFO   44 57.5M   44 25.3M    0     0   108k      0  0:09:01  0:03:58  0:05:03  109k[0m
2023.10.08 22:07:14 INFO   44 57.5M   44 25.4M    0     0   108k      0  0:09:01  0:03:59  0:05:02  105k[0m
2023.10.08 22:07:16 INFO   44 57.5M   44 25.5M    0     0   108k      0  0:09:01  0:04:00  0:05:01  102k[0m
2023.10.08 22:07:16 INFO   44 57.5M   44 25.6M    0     0   108k      0  0:09:01  0:04:01  0:05:00   99k[0m
2023.10.08 22:07:18 INFO   44 57.5M   44 25.7M    0     0   108k      0  0:09:01  0:04:02  0:04:59  110k[0m
2023.10.08 22:07:18 INFO   44 57.5M   44 25.8M    0     0   108k      0  0:09:02  0:04:03  0:04:59  103k[0m
2023.10.08 22:07:20 INFO   45 57.5M   45 25.9M    0     0   108k      0  0:09:01  0:04:04  0:04:57  109k[0m
2023.10.08 22:07:21 INFO   45 57.5M   45 26.1M    0     0   108k      0  0:09:01  0:04:05  0:04:56  113k[0m
2023.10.08 22:07:22 INFO   45 57.5M   45 26.2M    0     0   108k      0  0:09:00  0:04:06  0:04:54  119k[0m
2023.10.08 22:07:22 INFO   45 57.5M   45 26.3M    0     0   109k      0  0:08:59  0:04:07  0:04:52  121k[0m
2023.10.08 22:07:24 INFO   46 57.5M   46 26.4M    0     0   109k      0  0:08:59  0:04:08  0:04:51  131k[0m
2023.10.08 22:07:25 INFO   46 57.5M   46 26.6M    0     0   109k      0  0:08:59  0:04:09  0:04:50  133k[0m
2023.10.08 22:07:25 INFO   46 57.5M   46 26.7M    0     0   109k      0  0:09:00  0:04:10  0:04:50  116k[0m
2023.10.08 22:07:27 INFO   46 57.5M   46 26.8M    0     0   109k      0  0:08:59  0:04:11  0:04:48  118k[0m
2023.10.08 22:07:28 INFO   46 57.5M   46 26.9M    0     0   109k      0  0:08:59  0:04:12  0:04:47  114k[0m
2023.10.08 22:07:28 INFO   47 57.5M   47 27.0M    0     0   109k      0  0:09:00  0:04:13  0:04:47  106k[0m
2023.10.08 22:07:30 INFO   47 57.5M   47 27.1M    0     0   109k      0  0:08:59  0:04:14  0:04:45  100k[0m
2023.10.08 22:07:30 INFO   47 57.5M   47 27.2M    0     0   109k      0  0:08:59  0:04:15  0:04:44  117k[0m
2023.10.08 22:07:32 INFO   47 57.5M   47 27.3M    0     0   109k      0  0:08:59  0:04:16  0:04:43  105k[0m
2023.10.08 22:07:33 INFO   47 57.5M   47 27.4M    0     0   109k      0  0:08:59  0:04:17  0:04:42  109k[0m
2023.10.08 22:07:34 INFO   48 57.5M   48 27.6M    0     0   109k      0  0:08:58  0:04:18  0:04:40  122k[0m
2023.10.08 22:07:34 INFO   48 57.5M   48 27.7M    0     0   109k      0  0:08:58  0:04:19  0:04:39  123k[0m
2023.10.08 22:07:36 INFO   48 57.5M   48 27.8M    0     0   109k      0  0:08:58  0:04:20  0:04:38  124k[0m
2023.10.08 22:07:38 INFO   48 57.5M   48 27.9M    0     0   109k      0  0:08:57  0:04:21  0:04:36  128k[0m
2023.10.08 22:07:38 INFO   48 57.5M   48 28.0M    0     0   109k      0  0:08:58  0:04:23  0:04:35  118k[0m
2023.10.08 22:07:39 INFO   49 57.5M   49 28.2M    0     0   109k      0  0:08:57  0:04:23  0:04:34  119k[0m
2023.10.08 22:07:39 INFO   49 57.5M   49 28.3M    0     0   109k      0  0:08:57  0:04:24  0:04:33  116k[0m
2023.10.08 22:07:41 INFO   49 57.5M   49 28.4M    0     0   109k      0  0:08:57  0:04:25  0:04:32  112k[0m
2023.10.08 22:07:41 INFO   49 57.5M   49 28.5M    0     0   109k      0  0:08:57  0:04:26  0:04:31  118k[0m
2023.10.08 22:07:43 INFO   49 57.5M   49 28.6M    0     0   109k      0  0:08:56  0:04:27  0:04:29  128k[0m
2023.10.08 22:07:44 INFO   50 57.5M   50 28.7M    0     0   109k      0  0:08:56  0:04:28  0:04:28  119k[0m
2023.10.08 22:07:44 INFO   50 57.5M   50 28.9M    0     0   109k      0  0:08:56  0:04:29  0:04:27  123k[0m
2023.10.08 22:07:46 INFO   50 57.5M   50 29.0M    0     0   109k      0  0:08:56  0:04:30  0:04:26  122k[0m
2023.10.08 22:07:47 INFO   50 57.5M   50 29.1M    0     0   109k      0  0:08:56  0:04:31  0:04:25  111k[0m
2023.10.08 22:07:47 INFO   50 57.5M   50 29.1M    0     0   109k      0  0:08:57  0:04:32  0:04:25  101k[0m
2023.10.08 22:07:49 INFO   50 57.5M   50 29.2M    0     0   109k      0  0:08:57  0:04:33  0:04:24  104k[0m
2023.10.08 22:07:50 INFO   51 57.5M   51 29.4M    0     0   109k      0  0:08:56  0:04:34  0:04:22  107k[0m
2023.10.08 22:07:51 INFO   51 57.5M   51 29.5M    0     0   109k      0  0:08:56  0:04:35  0:04:21  112k[0m
2023.10.08 22:07:51 INFO   51 57.5M   51 29.7M    0     0   109k      0  0:08:56  0:04:36  0:04:20  116k[0m
2023.10.08 22:07:53 INFO   51 57.5M   51 29.7M    0     0   109k      0  0:08:56  0:04:37  0:04:19  125k[0m
2023.10.08 22:07:54 INFO   51 57.5M   51 29.9M    0     0   109k      0  0:08:56  0:04:38  0:04:18  125k[0m
2023.10.08 22:07:55 INFO   52 57.5M   52 30.0M    0     0   109k      0  0:08:55  0:04:39  0:04:16  124k[0m
2023.10.08 22:07:56 INFO   52 57.5M   52 30.1M    0     0   110k      0  0:08:55  0:04:40  0:04:15  123k[0m
2023.10.08 22:07:56 INFO   52 57.5M   52 30.2M    0     0   110k      0  0:08:55  0:04:41  0:04:14  123k[0m
2023.10.08 22:07:58 INFO   52 57.5M   52 30.4M    0     0   110k      0  0:08:54  0:04:42  0:04:12  126k[0m
2023.10.08 22:07:59 INFO   53 57.5M   53 30.4M    0     0   110k      0  0:08:55  0:04:43  0:04:12  121k[0m
2023.10.08 22:08:00 INFO   53 57.5M   53 30.6M    0     0   110k      0  0:08:54  0:04:44  0:04:10  116k[0m
2023.10.08 22:08:00 INFO   53 57.5M   53 30.7M    0     0   109k      0  0:08:55  0:04:45  0:04:10  105k[0m
2023.10.08 22:08:02 INFO   53 57.5M   53 30.8M    0     0   110k      0  0:08:54  0:04:46  0:04:08  113k[0m
2023.10.08 22:08:03 INFO   53 57.5M   53 30.9M    0     0   110k      0  0:08:54  0:04:47  0:04:07  111k[0m
2023.10.08 22:08:03 INFO   54 57.5M   54 31.0M    0     0   110k      0  0:08:54  0:04:48  0:04:06  119k[0m
2023.10.08 22:08:05 INFO   54 57.5M   54 31.2M    0     0   110k      0  0:08:54  0:04:49  0:04:05  120k[0m
2023.10.08 22:08:05 INFO   54 57.5M   54 31.3M    0     0   110k      0  0:08:54  0:04:50  0:04:04  126k[0m
2023.10.08 22:08:07 INFO   54 57.5M   54 31.4M    0     0   110k      0  0:08:53  0:04:51  0:04:02  123k[0m
2023.10.08 22:08:07 INFO   54 57.5M   54 31.5M    0     0   110k      0  0:08:53  0:04:52  0:04:01  118k[0m
2023.10.08 22:08:09 INFO   55 57.5M   55 31.6M    0     0   110k      0  0:08:53  0:04:53  0:04:00  120k[0m
2023.10.08 22:08:09 INFO   55 57.5M   55 31.7M    0     0   110k      0  0:08:53  0:04:54  0:03:59  121k[0m
2023.10.08 22:08:11 INFO   55 57.5M   55 31.9M    0     0   110k      0  0:08:52  0:04:55  0:03:57  125k[0m
2023.10.08 22:08:12 INFO   55 57.5M   55 32.0M    0     0   110k      0  0:08:52  0:04:56  0:03:56  120k[0m
2023.10.08 22:08:13 INFO   55 57.5M   55 32.1M    0     0   110k      0  0:08:52  0:04:57  0:03:55  124k[0m
2023.10.08 22:08:13 INFO   56 57.5M   56 32.2M    0     0   110k      0  0:08:52  0:04:58  0:03:54  121k[0m
2023.10.08 22:08:15 INFO   56 57.5M   56 32.4M    0     0   110k      0  0:08:52  0:04:59  0:03:53  124k[0m
2023.10.08 22:08:16 INFO   56 57.5M   56 32.5M    0     0   110k      0  0:08:51  0:05:00  0:03:51  124k[0m
2023.10.08 22:08:17 INFO   56 57.5M   56 32.6M    0     0   110k      0  0:08:51  0:05:01  0:03:50  127k[0m
2023.10.08 22:08:17 INFO   56 57.5M   56 32.7M    0     0   110k      0  0:08:51  0:05:02  0:03:49  123k[0m
2023.10.08 22:08:19 INFO   57 57.5M   57 32.8M    0     0   110k      0  0:08:51  0:05:03  0:03:48  123k[0m
2023.10.08 22:08:20 INFO   57 57.5M   57 32.9M    0     0   110k      0  0:08:51  0:05:04  0:03:47  119k[0m
2023.10.08 22:08:20 INFO   57 57.5M   57 33.0M    0     0   110k      0  0:08:51  0:05:05  0:03:46  114k[0m
2023.10.08 22:08:22 INFO   57 57.5M   57 33.1M    0     0   110k      0  0:08:51  0:05:06  0:03:45  107k[0m
2023.10.08 22:08:22 INFO   57 57.5M   57 33.2M    0     0   110k      0  0:08:51  0:05:07  0:03:44  110k[0m
2023.10.08 22:08:24 INFO   58 57.5M   58 33.4M    0     0   110k      0  0:08:51  0:05:08  0:03:43  112k[0m
2023.10.08 22:08:24 INFO   58 57.5M   58 33.5M    0     0   110k      0  0:08:51  0:05:09  0:03:42  114k[0m
2023.10.08 22:08:26 INFO   58 57.5M   58 33.6M    0     0   110k      0  0:08:50  0:05:10  0:03:40  119k[0m
2023.10.08 22:08:26 INFO   58 57.5M   58 33.8M    0     0   111k      0  0:08:50  0:05:11  0:03:39  129k[0m
2023.10.08 22:08:28 INFO   58 57.5M   58 33.9M    0     0   111k      0  0:08:50  0:05:12  0:03:38  129k[0m
2023.10.08 22:08:29 INFO   59 57.5M   59 34.0M    0     0   111k      0  0:08:50  0:05:13  0:03:37  124k[0m
2023.10.08 22:08:29 INFO   59 57.5M   59 34.1M    0     0   111k      0  0:08:50  0:05:14  0:03:36  124k[0m
2023.10.08 22:08:31 INFO   59 57.5M   59 34.2M    0     0   111k      0  0:08:49  0:05:15  0:03:34  124k[0m
2023.10.08 22:08:32 INFO   59 57.5M   59 34.3M    0     0   111k      0  0:08:49  0:05:16  0:03:33  116k[0m
2023.10.08 22:08:32 INFO   59 57.5M   59 34.4M    0     0   111k      0  0:08:49  0:05:17  0:03:32  117k[0m
2023.10.08 22:08:34 INFO   60 57.5M   60 34.6M    0     0   111k      0  0:08:49  0:05:18  0:03:31  121k[0m
2023.10.08 22:08:34 INFO   60 57.5M   60 34.7M    0     0   111k      0  0:08:49  0:05:19  0:03:30  124k[0m
2023.10.08 22:08:36 INFO   60 57.5M   60 34.8M    0     0   111k      0  0:08:48  0:05:20  0:03:28  121k[0m
2023.10.08 22:08:36 INFO   60 57.5M   60 35.0M    0     0   111k      0  0:08:48  0:05:21  0:03:27  131k[0m
2023.10.08 22:08:38 INFO   61 57.5M   61 35.1M    0     0   111k      0  0:08:48  0:05:22  0:03:26  129k[0m
2023.10.08 22:08:38 INFO   61 57.5M   61 35.2M    0     0   111k      0  0:08:48  0:05:23  0:03:25  118k[0m
2023.10.08 22:08:40 INFO   61 57.5M   61 35.3M    0     0   111k      0  0:08:48  0:05:24  0:03:24  113k[0m
2023.10.08 22:08:40 INFO   61 57.5M   61 35.4M    0     0   111k      0  0:08:49  0:05:25  0:03:24  105k[0m
2023.10.08 22:08:42 INFO   61 57.5M   61 35.4M    0     0   111k      0  0:08:49  0:05:26  0:03:23 98111[0m
2023.10.08 22:08:43 INFO   61 57.5M   61 35.6M    0     0   111k      0  0:08:49  0:05:27  0:03:22  102k[0m
2023.10.08 22:08:44 INFO   62 57.5M   62 35.7M    0     0   111k      0  0:08:48  0:05:28  0:03:20  114k[0m
2023.10.08 22:08:44 INFO   62 57.5M   62 35.8M    0     0   111k      0  0:08:48  0:05:29  0:03:19  114k[0m
2023.10.08 22:08:46 INFO   62 57.5M   62 35.9M    0     0   111k      0  0:08:48  0:05:30  0:03:18  125k[0m
2023.10.08 22:08:46 INFO   62 57.5M   62 36.1M    0     0   111k      0  0:08:48  0:05:31  0:03:17  133k[0m
2023.10.08 22:08:48 INFO   63 57.5M   63 36.2M    0     0   111k      0  0:08:47  0:05:32  0:03:15  130k[0m
2023.10.08 22:08:48 INFO   63 57.5M   63 36.3M    0     0   111k      0  0:08:47  0:05:33  0:03:14  127k[0m
2023.10.08 22:08:50 INFO   63 57.5M   63 36.4M    0     0   111k      0  0:08:47  0:05:34  0:03:13  128k[0m
2023.10.08 22:08:50 INFO   63 57.5M   63 36.6M    0     0   111k      0  0:08:47  0:05:35  0:03:12  127k[0m
2023.10.08 22:08:52 INFO   63 57.5M   63 36.7M    0     0   111k      0  0:08:46  0:05:36  0:03:10  129k[0m
2023.10.08 22:08:52 INFO   64 57.5M   64 36.8M    0     0   111k      0  0:08:46  0:05:37  0:03:09  125k[0m
2023.10.08 22:08:54 INFO   64 57.5M   64 36.9M    0     0   111k      0  0:08:46  0:05:38  0:03:08  125k[0m
2023.10.08 22:08:54 INFO   64 57.5M   64 37.1M    0     0   111k      0  0:08:46  0:05:39  0:03:07  127k[0m
2023.10.08 22:08:56 INFO   64 57.5M   64 37.2M    0     0   111k      0  0:08:46  0:05:40  0:03:06  127k[0m
2023.10.08 22:08:57 INFO   64 57.5M   64 37.3M    0     0   111k      0  0:08:46  0:05:41  0:03:05  118k[0m
2023.10.08 22:08:57 INFO   65 57.5M   65 37.4M    0     0   111k      0  0:08:46  0:05:42  0:03:04  115k[0m
2023.10.08 22:08:59 INFO   65 57.5M   65 37.5M    0     0   111k      0  0:08:46  0:05:43  0:03:03  108k[0m
2023.10.08 22:09:00 INFO   65 57.5M   65 37.6M    0     0   111k      0  0:08:46  0:05:44  0:03:02  107k[0m
2023.10.08 22:09:01 INFO   65 57.5M   65 37.7M    0     0   111k      0  0:08:46  0:05:45  0:03:01  109k[0m
2023.10.08 22:09:01 INFO   65 57.5M   65 37.9M    0     0   111k      0  0:08:46  0:05:46  0:03:00  114k[0m
2023.10.08 22:09:03 INFO   66 57.5M   66 38.0M    0     0   111k      0  0:08:45  0:05:47  0:02:58  121k[0m
2023.10.08 22:09:04 INFO   66 57.5M   66 38.1M    0     0   112k      0  0:08:45  0:05:48  0:02:57  130k[0m
2023.10.08 22:09:06 INFO   66 57.5M   66 38.2M    0     0   112k      0  0:08:45  0:05:49  0:02:56  127k[0m
2023.10.08 22:09:06 INFO   66 57.5M   66 38.3M    0     0   111k      0  0:08:46  0:05:51  0:02:55  108k[0m
2023.10.08 22:09:07 INFO   66 57.5M   66 38.4M    0     0   111k      0  0:08:46  0:05:51  0:02:55  101k[0m
2023.10.08 22:09:08 INFO   67 57.5M   67 38.5M    0     0   111k      0  0:08:46  0:05:52  0:02:54  102k[0m
2023.10.08 22:09:09 INFO   67 57.5M   67 38.6M    0     0   111k      0  0:08:46  0:05:53  0:02:53  103k[0m
2023.10.08 22:09:09 INFO   67 57.5M   67 38.7M    0     0   111k      0  0:08:46  0:05:54  0:02:52  102k[0m
2023.10.08 22:09:11 INFO   67 57.5M   67 38.9M    0     0   111k      0  0:08:45  0:05:55  0:02:50  122k[0m
2023.10.08 22:09:12 INFO   67 57.5M   67 39.0M    0     0   112k      0  0:08:45  0:05:56  0:02:49  129k[0m
2023.10.08 22:09:13 INFO   68 57.5M   68 39.1M    0     0   112k      0  0:08:45  0:05:57  0:02:48  127k[0m
2023.10.08 22:09:13 INFO   68 57.5M   68 39.2M    0     0   112k      0  0:08:45  0:05:58  0:02:47  125k[0m
2023.10.08 22:09:15 INFO   68 57.5M   68 39.4M    0     0   112k      0  0:08:45  0:05:59  0:02:46  130k[0m
2023.10.08 22:09:15 INFO   68 57.5M   68 39.5M    0     0   112k      0  0:08:44  0:06:00  0:02:44  128k[0m
2023.10.08 22:09:17 INFO   68 57.5M   68 39.6M    0     0   112k      0  0:08:44  0:06:01  0:02:43  125k[0m
2023.10.08 22:09:17 INFO   69 57.5M   69 39.7M    0     0   112k      0  0:08:44  0:06:02  0:02:42  123k[0m
2023.10.08 22:09:19 INFO   69 57.5M   69 39.8M    0     0   112k      0  0:08:44  0:06:03  0:02:41  120k[0m
2023.10.08 22:09:19 INFO   69 57.5M   69 40.0M    0     0   112k      0  0:08:44  0:06:04  0:02:40  120k[0m
2023.10.08 22:09:21 INFO   69 57.5M   69 40.0M    0     0   112k      0  0:08:44  0:06:05  0:02:39  115k[0m
2023.10.08 22:09:22 INFO   69 57.5M   69 40.2M    0     0   112k      0  0:08:44  0:06:06  0:02:38  118k[0m
2023.10.08 22:09:22 INFO   70 57.5M   70 40.3M    0     0   112k      0  0:08:44  0:06:07  0:02:37  119k[0m
2023.10.08 22:09:24 INFO   70 57.5M   70 40.4M    0     0   112k      0  0:08:44  0:06:08  0:02:36  121k[0m
2023.10.08 22:09:24 INFO   70 57.5M   70 40.5M    0     0   112k      0  0:08:44  0:06:09  0:02:35  119k[0m
2023.10.08 22:09:26 INFO   70 57.5M   70 40.6M    0     0   112k      0  0:08:44  0:06:10  0:02:34  115k[0m
2023.10.08 22:09:27 INFO   70 57.5M   70 40.7M    0     0   112k      0  0:08:44  0:06:11  0:02:33  104k[0m
2023.10.08 22:09:27 INFO   70 57.5M   70 40.8M    0     0   112k      0  0:08:45  0:06:12  0:02:33 99259[0m
2023.10.08 22:09:29 INFO   71 57.5M   71 40.9M    0     0   112k      0  0:08:44  0:06:13  0:02:31  101k[0m
2023.10.08 22:09:29 INFO   71 57.5M   71 41.0M    0     0   112k      0  0:08:44  0:06:14  0:02:30   99k[0m
2023.10.08 22:09:31 INFO   71 57.5M   71 41.1M    0     0   112k      0  0:08:44  0:06:15  0:02:29  105k[0m
2023.10.08 22:09:32 INFO   71 57.5M   71 41.2M    0     0   112k      0  0:08:44  0:06:16  0:02:28  112k[0m
2023.10.08 22:09:34 INFO   71 57.5M   71 41.3M    0     0   112k      0  0:08:45  0:06:17  0:02:28  114k[0m
2023.10.08 22:09:34 INFO   72 57.5M   72 41.5M    0     0   112k      0  0:08:45  0:06:19  0:02:26  102k[0m
2023.10.08 22:09:35 INFO   72 57.5M   72 41.5M    0     0   112k      0  0:08:45  0:06:19  0:02:26  101k[0m
2023.10.08 22:09:36 INFO   72 57.5M   72 41.6M    0     0   111k      0  0:08:45  0:06:20  0:02:25 97876[0m
2023.10.08 22:09:37 INFO   72 57.5M   72 41.7M    0     0   111k      0  0:08:45  0:06:21  0:02:24 96335[0m
2023.10.08 22:09:37 INFO   72 57.5M   72 41.8M    0     0   112k      0  0:08:45  0:06:22  0:02:23  100k[0m
2023.10.08 22:09:39 INFO   73 57.5M   73 42.0M    0     0   112k      0  0:08:45  0:06:23  0:02:22  112k[0m
2023.10.08 22:09:40 INFO   73 57.5M   73 42.0M    0     0   111k      0  0:08:46  0:06:24  0:02:22  102k[0m
2023.10.08 22:09:40 INFO   73 57.5M   73 42.1M    0     0   111k      0  0:08:46  0:06:25  0:02:21  108k[0m
2023.10.08 22:09:42 INFO   73 57.5M   73 42.2M    0     0   111k      0  0:08:46  0:06:26  0:02:20  102k[0m
2023.10.08 22:09:43 INFO   73 57.5M   73 42.3M    0     0   111k      0  0:08:46  0:06:27  0:02:19  100k[0m
2023.10.08 22:09:43 INFO   73 57.5M   73 42.4M    0     0   111k      0  0:08:46  0:06:28  0:02:18   99k[0m
2023.10.08 22:09:45 INFO   74 57.5M   74 42.6M    0     0   111k      0  0:08:46  0:06:29  0:02:17  111k[0m
2023.10.08 22:09:45 INFO   74 57.5M   74 42.7M    0     0   111k      0  0:08:45  0:06:30  0:02:15  114k[0m
2023.10.08 22:09:47 INFO   74 57.5M   74 42.8M    0     0   112k      0  0:08:45  0:06:31  0:02:14  125k[0m
2023.10.08 22:09:48 INFO   74 57.5M   74 42.9M    0     0   112k      0  0:08:45  0:06:32  0:02:13  127k[0m
2023.10.08 22:09:49 INFO   74 57.5M   74 43.0M    0     0   111k      0  0:08:45  0:06:33  0:02:12  119k[0m
2023.10.08 22:09:49 INFO   75 57.5M   75 43.2M    0     0   112k      0  0:08:45  0:06:34  0:02:11  118k[0m
2023.10.08 22:09:51 INFO   75 57.5M   75 43.2M    0     0   111k      0  0:08:45  0:06:35  0:02:10  111k[0m
2023.10.08 22:09:52 INFO   75 57.5M   75 43.4M    0     0   112k      0  0:08:45  0:06:36  0:02:09  113k[0m
2023.10.08 22:09:52 INFO   75 57.5M   75 43.5M    0     0   112k      0  0:08:45  0:06:37  0:02:08  112k[0m
2023.10.08 22:09:54 INFO   75 57.5M   75 43.6M    0     0   112k      0  0:08:45  0:06:38  0:02:07  121k[0m
2023.10.08 22:09:54 INFO   76 57.5M   76 43.7M    0     0   112k      0  0:08:45  0:06:39  0:02:06  118k[0m
2023.10.08 22:09:56 INFO   76 57.5M   76 43.8M    0     0   112k      0  0:08:45  0:06:40  0:02:05  125k[0m
2023.10.08 22:09:57 INFO   76 57.5M   76 43.9M    0     0   112k      0  0:08:45  0:06:41  0:02:04  114k[0m
2023.10.08 22:09:57 INFO   76 57.5M   76 44.0M    0     0   112k      0  0:08:45  0:06:42  0:02:03  108k[0m
2023.10.08 22:09:59 INFO   76 57.5M   76 44.1M    0     0   112k      0  0:08:45  0:06:43  0:02:02  103k[0m
2023.10.08 22:10:00 INFO   77 57.5M   77 44.2M    0     0   112k      0  0:08:45  0:06:44  0:02:01  109k[0m
2023.10.08 22:10:01 INFO   77 57.5M   77 44.4M    0     0   112k      0  0:08:45  0:06:45  0:02:00  108k[0m
2023.10.08 22:10:01 INFO   77 57.5M   77 44.5M    0     0   112k      0  0:08:45  0:06:46  0:01:59  111k[0m
2023.10.08 22:10:03 INFO   77 57.5M   77 44.6M    0     0   112k      0  0:08:45  0:06:47  0:01:58  116k[0m
2023.10.08 22:10:03 INFO   77 57.5M   77 44.7M    0     0   112k      0  0:08:45  0:06:48  0:01:57  125k[0m
2023.10.08 22:10:05 INFO   78 57.5M   78 44.8M    0     0   112k      0  0:08:45  0:06:49  0:01:56  120k[0m
2023.10.08 22:10:06 INFO   78 57.5M   78 44.9M    0     0   112k      0  0:08:45  0:06:50  0:01:55  111k[0m
2023.10.08 22:10:06 INFO   78 57.5M   78 45.0M    0     0   112k      0  0:08:45  0:06:51  0:01:54  117k[0m
2023.10.08 22:10:08 INFO   78 57.5M   78 45.2M    0     0   112k      0  0:08:44  0:06:52  0:01:52  120k[0m
2023.10.08 22:10:08 INFO   78 57.5M   78 45.3M    0     0   112k      0  0:08:44  0:06:53  0:01:51  119k[0m
2023.10.08 22:10:10 INFO   79 57.5M   79 45.4M    0     0   112k      0  0:08:44  0:06:54  0:01:50  113k[0m
2023.10.08 22:10:10 INFO   79 57.5M   79 45.5M    0     0   112k      0  0:08:44  0:06:55  0:01:49  121k[0m
2023.10.08 22:10:12 INFO   79 57.5M   79 45.6M    0     0   112k      0  0:08:44  0:06:56  0:01:48  121k[0m
2023.10.08 22:10:13 INFO   79 57.5M   79 45.7M    0     0   112k      0  0:08:44  0:06:57  0:01:47  118k[0m
2023.10.08 22:10:13 INFO   79 57.5M   79 45.9M    0     0   112k      0  0:08:44  0:06:58  0:01:46  112k[0m
2023.10.08 22:10:15 INFO   79 57.5M   79 45.9M    0     0   112k      0  0:08:44  0:06:59  0:01:45  115k[0m
2023.10.08 22:10:16 INFO   80 57.5M   80 46.1M    0     0   112k      0  0:08:44  0:07:00  0:01:44  115k[0m
2023.10.08 22:10:16 INFO   80 57.5M   80 46.2M    0     0   112k      0  0:08:44  0:07:01  0:01:43  117k[0m
2023.10.08 22:10:18 INFO   80 57.5M   80 46.3M    0     0   112k      0  0:08:44  0:07:02  0:01:42  117k[0m
2023.10.08 22:10:19 INFO   80 57.5M   80 46.4M    0     0   112k      0  0:08:44  0:07:03  0:01:41  122k[0m
2023.10.08 22:10:20 INFO   81 57.5M   81 46.6M    0     0   112k      0  0:08:44  0:07:04  0:01:40  126k[0m
2023.10.08 22:10:20 INFO   81 57.5M   81 46.7M    0     0   112k      0  0:08:44  0:07:05  0:01:39  117k[0m
2023.10.08 22:10:22 INFO   81 57.5M   81 46.7M    0     0   112k      0  0:08:44  0:07:06  0:01:38  104k[0m
2023.10.08 22:10:22 INFO   81 57.5M   81 46.8M    0     0   112k      0  0:08:44  0:07:07  0:01:37   99k[0m
2023.10.08 22:10:24 INFO   81 57.5M   81 46.9M    0     0   112k      0  0:08:44  0:07:08  0:01:36  100k[0m
2023.10.08 22:10:26 INFO   81 57.5M   81 47.0M    0     0   112k      0  0:08:45  0:07:09  0:01:36 95579[0m
2023.10.08 22:10:27 INFO   81 57.5M   81 47.1M    0     0   111k      0  0:08:46  0:07:11  0:01:35 85908[0m
2023.10.08 22:10:27 INFO   81 57.5M   81 47.1M    0     0   111k      0  0:08:47  0:07:12  0:01:35 73960[0m
2023.10.08 22:10:28 INFO   82 57.5M   82 47.2M    0     0   111k      0  0:08:47  0:07:12  0:01:35 73302[0m
2023.10.08 22:10:28 INFO   82 57.5M   82 47.3M    0     0   111k      0  0:08:47  0:07:13  0:01:34 65878[0m
2023.10.08 22:10:30 INFO   82 57.5M   82 47.4M    0     0   111k      0  0:08:47  0:07:14  0:01:33 75884[0m
2023.10.08 22:10:30 INFO   82 57.5M   82 47.5M    0     0   111k      0  0:08:47  0:07:15  0:01:32 91324[0m
2023.10.08 22:10:32 INFO   82 57.5M   82 47.6M    0     0   111k      0  0:08:47  0:07:16  0:01:31  115k[0m
2023.10.08 22:10:32 INFO   83 57.5M   83 47.7M    0     0   111k      0  0:08:47  0:07:17  0:01:30  112k[0m
2023.10.08 22:10:34 INFO   83 57.5M   83 47.8M    0     0   111k      0  0:08:47  0:07:18  0:01:29  114k[0m
2023.10.08 22:10:35 INFO   83 57.5M   83 47.9M    0     0   111k      0  0:08:47  0:07:19  0:01:28  110k[0m
2023.10.08 22:10:35 INFO   83 57.5M   83 48.1M    0     0   111k      0  0:08:46  0:07:20  0:01:26  114k[0m
2023.10.08 22:10:37 INFO   83 57.5M   83 48.1M    0     0   111k      0  0:08:47  0:07:21  0:01:26  108k[0m
2023.10.08 22:10:38 INFO   84 57.5M   84 48.3M    0     0   111k      0  0:08:47  0:07:22  0:01:25  113k[0m
2023.10.08 22:10:38 INFO   84 57.5M   84 48.4M    0     0   111k      0  0:08:47  0:07:23  0:01:24  110k[0m
2023.10.08 22:10:40 INFO   84 57.5M   84 48.5M    0     0   111k      0  0:08:47  0:07:24  0:01:23  113k[0m
2023.10.08 22:10:40 INFO   84 57.5M   84 48.6M    0     0   111k      0  0:08:47  0:07:25  0:01:22  109k[0m
2023.10.08 22:10:42 INFO   84 57.5M   84 48.7M    0     0   111k      0  0:08:46  0:07:26  0:01:20  117k[0m
2023.10.08 22:10:42 INFO   85 57.5M   85 48.8M    0     0   111k      0  0:08:46  0:07:27  0:01:19  113k[0m
2023.10.08 22:10:44 INFO   85 57.5M   85 48.9M    0     0   111k      0  0:08:46  0:07:28  0:01:18  121k[0m
2023.10.08 22:10:45 INFO   85 57.5M   85 49.1M    0     0   111k      0  0:08:46  0:07:29  0:01:17  117k[0m
2023.10.08 22:10:45 INFO   85 57.5M   85 49.2M    0     0   111k      0  0:08:46  0:07:30  0:01:16  123k[0m
2023.10.08 22:10:47 INFO   85 57.5M   85 49.3M    0     0   111k      0  0:08:46  0:07:31  0:01:15  122k[0m
2023.10.08 22:10:47 INFO   86 57.5M   86 49.4M    0     0   111k      0  0:08:46  0:07:32  0:01:14  120k[0m
2023.10.08 22:10:49 INFO   86 57.5M   86 49.5M    0     0   111k      0  0:08:46  0:07:33  0:01:13  118k[0m
2023.10.08 22:10:49 INFO   86 57.5M   86 49.7M    0     0   111k      0  0:08:46  0:07:34  0:01:12  123k[0m
2023.10.08 22:10:51 INFO   86 57.5M   86 49.7M    0     0   111k      0  0:08:46  0:07:35  0:01:11  103k[0m
2023.10.08 22:10:51 INFO   86 57.5M   86 49.8M    0     0   111k      0  0:08:47  0:07:36  0:01:11   99k[0m
2023.10.08 22:10:53 INFO   86 57.5M   86 49.9M    0     0   111k      0  0:08:46  0:07:37  0:01:09  104k[0m
2023.10.08 22:10:54 INFO   86 57.5M   86 49.9M    0     0   111k      0  0:08:47  0:07:38  0:01:09 84685[0m
2023.10.08 22:10:55 INFO   86 57.5M   86 49.9M    0     0   111k      0  0:08:49  0:07:39  0:01:10 56300[0m
2023.10.08 22:10:55 INFO   86 57.5M   86 49.9M    0     0   111k      0  0:08:50  0:07:40  0:01:10 48853[0m
2023.10.08 22:10:57 INFO   86 57.5M   86 49.9M    0     0   110k      0  0:08:51  0:07:41  0:01:10 29661[0m
2023.10.08 22:10:57 INFO   87 57.5M   87 50.1M    0     0   110k      0  0:08:51  0:07:42  0:01:09 29542[0m
2023.10.08 22:10:59 INFO   87 57.5M   87 50.2M    0     0   110k      0  0:08:50  0:07:43  0:01:07 52745[0m
2023.10.08 22:10:59 INFO   87 57.5M   87 50.2M    0     0   110k      0  0:08:52  0:07:44  0:01:08 54844[0m
2023.10.08 22:11:01 INFO   87 57.5M   87 50.3M    0     0   110k      0  0:08:52  0:07:45  0:01:07 75383[0m
2023.10.08 22:11:01 INFO   87 57.5M   87 50.4M    0     0   110k      0  0:08:51  0:07:46  0:01:05   98k[0m
2023.10.08 22:11:03 INFO   87 57.5M   87 50.5M    0     0   110k      0  0:08:51  0:07:47  0:01:04   99k[0m
2023.10.08 22:11:03 INFO   88 57.5M   88 50.7M    0     0   110k      0  0:08:51  0:07:48  0:01:03   98k[0m
2023.10.08 22:11:05 INFO   88 57.5M   88 50.8M    0     0   110k      0  0:08:51  0:07:49  0:01:02  124k[0m
2023.10.08 22:11:05 INFO   88 57.5M   88 50.9M    0     0   110k      0  0:08:51  0:07:50  0:01:01  123k[0m
2023.10.08 22:11:07 INFO   88 57.5M   88 51.0M    0     0   110k      0  0:08:51  0:07:51  0:01:00  118k[0m
2023.10.08 22:11:08 INFO   89 57.5M   89 51.1M    0     0   110k      0  0:08:51  0:07:52  0:00:59  121k[0m
2023.10.08 22:11:08 INFO   89 57.5M   89 51.2M    0     0   110k      0  0:08:51  0:07:53  0:00:58  107k[0m
2023.10.08 22:11:10 INFO   89 57.5M   89 51.3M    0     0   110k      0  0:08:51  0:07:54  0:00:57  107k[0m
2023.10.08 22:11:11 INFO   89 57.5M   89 51.5M    0     0   110k      0  0:08:51  0:07:55  0:00:56  115k[0m
2023.10.08 22:11:12 INFO   89 57.5M   89 51.6M    0     0   110k      0  0:08:51  0:07:56  0:00:55  111k[0m
2023.10.08 22:11:12 INFO   89 57.5M   89 51.7M    0     0   110k      0  0:08:51  0:07:57  0:00:54  104k[0m
2023.10.08 22:11:14 INFO   90 57.5M   90 51.8M    0     0   110k      0  0:08:51  0:07:58  0:00:53  120k[0m
2023.10.08 22:11:14 INFO   90 57.5M   90 51.9M    0     0   110k      0  0:08:51  0:07:59  0:00:52  109k[0m
2023.10.08 22:11:16 INFO   90 57.5M   90 52.0M    0     0   110k      0  0:08:51  0:08:00  0:00:51  110k[0m
2023.10.08 22:11:17 INFO   90 57.5M   90 52.1M    0     0   110k      0  0:08:51  0:08:01  0:00:50  109k[0m
2023.10.08 22:11:17 INFO   90 57.5M   90 52.2M    0     0   110k      0  0:08:51  0:08:02  0:00:49  116k[0m
2023.10.08 22:11:19 INFO   91 57.5M   91 52.3M    0     0   110k      0  0:08:51  0:08:03  0:00:48  106k[0m
2023.10.08 22:11:20 INFO   91 57.5M   91 52.4M    0     0   110k      0  0:08:51  0:08:04  0:00:47  111k[0m
2023.10.08 22:11:20 INFO   91 57.5M   91 52.5M    0     0   110k      0  0:08:51  0:08:05  0:00:46   98k[0m
2023.10.08 22:11:22 INFO   91 57.5M   91 52.6M    0     0   110k      0  0:08:52  0:08:06  0:00:46  101k[0m
2023.10.08 22:11:23 INFO   91 57.5M   91 52.7M    0     0   110k      0  0:08:51  0:08:07  0:00:44   99k[0m
2023.10.08 22:11:23 INFO   91 57.5M   91 52.8M    0     0   110k      0  0:08:51  0:08:08  0:00:43  111k[0m
2023.10.08 22:11:25 INFO   92 57.5M   92 53.0M    0     0   110k      0  0:08:51  0:08:09  0:00:42  115k[0m
2023.10.08 22:11:25 INFO   92 57.5M   92 53.1M    0     0   110k      0  0:08:51  0:08:10  0:00:41  125k[0m
2023.10.08 22:11:27 INFO   92 57.5M   92 53.2M    0     0   110k      0  0:08:51  0:08:11  0:00:40  131k[0m
2023.10.08 22:11:27 INFO   92 57.5M   92 53.3M    0     0   110k      0  0:08:50  0:08:12  0:00:38  129k[0m
2023.10.08 22:11:29 INFO   93 57.5M   93 53.4M    0     0   110k      0  0:08:50  0:08:13  0:00:37  125k[0m
2023.10.08 22:11:31 INFO   93 57.5M   93 53.6M    0     0   111k      0  0:08:50  0:08:14  0:00:36  128k[0m
2023.10.08 22:11:31 INFO   93 57.5M   93 53.7M    0     0   110k      0  0:08:50  0:08:16  0:00:34  117k[0m
2023.10.08 22:11:32 INFO   93 57.5M   93 53.7M    0     0   110k      0  0:08:51  0:08:16  0:00:35  106k[0m
2023.10.08 22:11:32 INFO   93 57.5M   93 53.8M    0     0   110k      0  0:08:51  0:08:17  0:00:34   99k[0m
2023.10.08 22:11:34 INFO   93 57.5M   93 53.8M    0     0   110k      0  0:08:52  0:08:18  0:00:34 78158[0m
2023.10.08 22:11:35 INFO   93 57.5M   93 53.9M    0     0   110k      0  0:08:52  0:08:19  0:00:33 75398[0m
2023.10.08 22:11:35 INFO   94 57.5M   94 54.0M    0     0   110k      0  0:08:52  0:08:20  0:00:32 69541[0m
2023.10.08 22:11:37 INFO   94 57.5M   94 54.1M    0     0   110k      0  0:08:52  0:08:21  0:00:31 80925[0m
2023.10.08 22:11:37 INFO   94 57.5M   94 54.2M    0     0   110k      0  0:08:52  0:08:22  0:00:30 89127[0m
2023.10.08 22:11:39 INFO   94 57.5M   94 54.4M    0     0   110k      0  0:08:52  0:08:23  0:00:29  111k[0m
2023.10.08 22:11:39 INFO   94 57.5M   94 54.5M    0     0   110k      0  0:08:52  0:08:24  0:00:28  111k[0m
2023.10.08 22:11:41 INFO   95 57.5M   95 54.6M    0     0   110k      0  0:08:52  0:08:25  0:00:27  123k[0m
2023.10.08 22:11:42 INFO   95 57.5M   95 54.7M    0     0   110k      0  0:08:52  0:08:26  0:00:26  125k[0m
2023.10.08 22:11:42 INFO   95 57.5M   95 54.9M    0     0   110k      0  0:08:52  0:08:27  0:00:25  120k[0m
2023.10.08 22:11:44 INFO   95 57.5M   95 55.0M    0     0   110k      0  0:08:51  0:08:28  0:00:23  121k[0m
2023.10.08 22:11:44 INFO   95 57.5M   95 55.1M    0     0   110k      0  0:08:51  0:08:29  0:00:22  120k[0m
2023.10.08 22:11:46 INFO   96 57.5M   96 55.2M    0     0   110k      0  0:08:51  0:08:30  0:00:21  121k[0m
2023.10.08 22:11:46 INFO   96 57.5M   96 55.3M    0     0   110k      0  0:08:51  0:08:31  0:00:20  120k[0m
2023.10.08 22:11:48 INFO   96 57.5M   96 55.4M    0     0   110k      0  0:08:52  0:08:32  0:00:20  109k[0m
2023.10.08 22:11:49 INFO   96 57.5M   96 55.4M    0     0   110k      0  0:08:52  0:08:33  0:00:19   99k[0m
2023.10.08 22:11:49 INFO   96 57.5M   96 55.6M    0     0   110k      0  0:08:52  0:08:34  0:00:18 95865[0m
2023.10.08 22:11:51 INFO   96 57.5M   96 55.7M    0     0   110k      0  0:08:52  0:08:35  0:00:17 96733[0m
2023.10.08 22:11:51 INFO   97 57.5M   97 55.8M    0     0   110k      0  0:08:52  0:08:36  0:00:16 99373[0m
2023.10.08 22:11:53 INFO   97 57.5M   97 55.9M    0     0   110k      0  0:08:51  0:08:37  0:00:14  115k[0m
2023.10.08 22:11:53 INFO   97 57.5M   97 56.1M    0     0   110k      0  0:08:51  0:08:38  0:00:13  123k[0m
2023.10.08 22:11:55 INFO   97 57.5M   97 56.2M    0     0   110k      0  0:08:51  0:08:39  0:00:12  136k[0m
2023.10.08 22:11:56 INFO   97 57.5M   97 56.3M    0     0   110k      0  0:08:51  0:08:40  0:00:11  132k[0m
2023.10.08 22:11:56 INFO   98 57.5M   98 56.4M    0     0   110k      0  0:08:51  0:08:41  0:00:10  115k[0m
2023.10.08 22:11:58 INFO   98 57.5M   98 56.4M    0     0   110k      0  0:08:52  0:08:42  0:00:10  105k[0m
2023.10.08 22:11:59 INFO   98 57.5M   98 56.6M    0     0   110k      0  0:08:52  0:08:43  0:00:09  103k[0m
2023.10.08 22:12:00 INFO   98 57.5M   98 56.7M    0     0   110k      0  0:08:52  0:08:44  0:00:08 94760[0m
2023.10.08 22:12:00 INFO   98 57.5M   98 56.7M    0     0   110k      0  0:08:52  0:08:45  0:00:07 84990[0m
2023.10.08 22:12:02 INFO   98 57.5M   98 56.8M    0     0   110k      0  0:08:53  0:08:46  0:00:07 87333[0m
2023.10.08 22:12:02 INFO   98 57.5M   98 56.9M    0     0   110k      0  0:08:53  0:08:47  0:00:06 87234[0m
2023.10.08 22:12:04 INFO   99 57.5M   99 57.0M    0     0   110k      0  0:08:53  0:08:48  0:00:05 88231[0m
2023.10.08 22:12:05 INFO   99 57.5M   99 57.1M    0     0   110k      0  0:08:53  0:08:49  0:00:04 94405[0m
2023.10.08 22:12:05 INFO   99 57.5M   99 57.2M    0     0   110k      0  0:08:53  0:08:50  0:00:03  100k[0m
2023.10.08 22:12:07 INFO   99 57.5M   99 57.3M    0     0   110k      0  0:08:53  0:08:51  0:00:02  111k[0m
2023.10.08 22:12:07 INFO   99 57.5M   99 57.4M    0     0   110k      0  0:08:52  0:08:52 --:--:--  120k[0m
2023.10.08 22:12:07 INFO  100 57.5M  100 57.5M    0     0   110k      0  0:08:52  0:08:52 --:--:--  123k[0m
2023.10.08 22:12:22 INFO  [info] compiling 1 Scala source to /home/jimple/Documents/ysyx/ysyx-workbench/npc_chisel/out/mill-build/compile.dest/classes ...[0m
2023.10.08 22:12:23 INFO  [error] /home/jimple/Documents/ysyx/ysyx-workbench/npc_chisel/build.sc:25:23: not found: type Tests[0m
2023.10.08 22:12:23 INFO  [error]   object test extends Tests with Utest {[0m
2023.10.08 22:12:23 INFO  [error]                       ^[0m
2023.10.08 22:12:23 INFO  [error] one error found[0m
2023.10.08 22:12:23 INFO  1 targets failed[0m
2023.10.08 22:12:23 INFO  compile Compilation failed[0m
2023.10.08 22:12:24 INFO  time: ran 'mill bloopInstall' in 9m9s[0m
2023.10.08 22:12:24 ERROR Mill command failed: /home/jimple/Documents/ysyx/ysyx-workbench/npc_chisel/.metals/millw --mill-version 0.11.1 --import ivy:com.lihaoyi::mill-contrib-bloop: mill.contrib.bloop.Bloop/install[0m
2023.10.08 22:45:43 WARN  no build target for: /home/jimple/Documents/ysyx/ysyx-workbench/npc_chisel/build.sc[0m
2023.10.08 22:45:51 WARN  no build target for: /home/jimple/Documents/ysyx/ysyx-workbench/npc_chisel/build.sc[0m
2023.10.08 22:45:53 INFO  no build target found for /home/jimple/Documents/ysyx/ysyx-workbench/npc_chisel/build.sc. Using presentation compiler with project's scala-library version: 3.3.0[0m
2023.10.08 22:45:57 WARN  no build target for: /home/jimple/Documents/ysyx/ysyx-workbench/npc_chisel/build.sc[0m
2023.10.08 22:46:06 WARN  no build target for: /home/jimple/Documents/ysyx/ysyx-workbench/npc_chisel/build.sc[0m
2023.10.08 22:46:10 WARN  no build target for: /home/jimple/Documents/ysyx/ysyx-workbench/npc_chisel/build.sc[0m
2023.10.09 22:51:21 INFO  Started: Metals version 1.0.1 in folders '/home/jimple/Documents/ysyx/ysyx-workbench/npc_chisel' for client Visual Studio Code 1.82.2.[0m
Oct 09, 2023 10:51:21 PM org.flywaydb.core.internal.license.VersionPrinter printVersionOnly
INFO: Flyway Community Edition 9.21.2 by Redgate
Oct 09, 2023 10:51:21 PM org.flywaydb.core.internal.license.VersionPrinter printVersion
INFO: See release notes here: https://rd.gt/416ObMi
Oct 09, 2023 10:51:21 PM org.flywaydb.core.internal.license.VersionPrinter printVersion
INFO: 
Oct 09, 2023 10:51:21 PM org.flywaydb.core.FlywayExecutor execute
INFO: Database: jdbc:h2:file:/home/jimple/Documents/ysyx/ysyx-workbench/npc_chisel/.metals/metals (H2 2.1)
Oct 09, 2023 10:51:21 PM org.flywaydb.core.internal.command.DbValidate validate
INFO: Successfully validated 4 migrations (execution time 00:00.016s)
Oct 09, 2023 10:51:21 PM org.flywaydb.core.internal.command.DbMigrate migrateGroup
INFO: Current version of schema "PUBLIC": 4
Oct 09, 2023 10:51:21 PM org.flywaydb.core.internal.command.DbMigrate logSummary
INFO: Schema "PUBLIC" is up to date. No migration necessary.
2023.10.09 22:51:22 INFO  time: initialize in 0.48s[0m
2023.10.09 22:51:23 WARN  Build server is not auto-connectable.[0m
2023.10.09 22:51:23 INFO  skipping build import with status 'Failed'[0m
DanglingParentheses: top-level presets deprecated; use 'preset' subsection
2023.10.10 23:05:56 INFO  Started: Metals version 1.0.1 in folders '/home/jimple/Documents/ysyx/ysyx-workbench/npc_chisel' for client Visual Studio Code 1.82.2.[0m
Oct 10, 2023 11:05:56 PM org.flywaydb.core.internal.license.VersionPrinter printVersionOnly
INFO: Flyway Community Edition 9.21.2 by Redgate
Oct 10, 2023 11:05:56 PM org.flywaydb.core.internal.license.VersionPrinter printVersion
INFO: See release notes here: https://rd.gt/416ObMi
Oct 10, 2023 11:05:56 PM org.flywaydb.core.internal.license.VersionPrinter printVersion
INFO: 
Oct 10, 2023 11:05:57 PM org.flywaydb.core.FlywayExecutor execute
INFO: Database: jdbc:h2:file:/home/jimple/Documents/ysyx/ysyx-workbench/npc_chisel/.metals/metals (H2 2.1)
Oct 10, 2023 11:05:57 PM org.flywaydb.core.internal.command.DbValidate validate
INFO: Successfully validated 4 migrations (execution time 00:00.015s)
Oct 10, 2023 11:05:57 PM org.flywaydb.core.internal.command.DbMigrate migrateGroup
INFO: Current version of schema "PUBLIC": 4
Oct 10, 2023 11:05:57 PM org.flywaydb.core.internal.command.DbMigrate logSummary
INFO: Schema "PUBLIC" is up to date. No migration necessary.
2023.10.10 23:05:57 INFO  time: initialize in 0.41s[0m
2023.10.10 23:05:58 WARN  Build server is not auto-connectable.[0m
2023.10.10 23:05:58 INFO  skipping build import with status 'Failed'[0m
DanglingParentheses: top-level presets deprecated; use 'preset' subsection
2023.10.11 22:40:30 INFO  Started: Metals version 1.0.1 in folders '/home/jimple/Documents/ysyx/ysyx-workbench/npc_chisel' for client Visual Studio Code 1.82.2.[0m
Oct 11, 2023 10:40:30 PM org.flywaydb.core.internal.license.VersionPrinter printVersionOnly
INFO: Flyway Community Edition 9.21.2 by Redgate
Oct 11, 2023 10:40:30 PM org.flywaydb.core.internal.license.VersionPrinter printVersion
INFO: See release notes here: https://rd.gt/416ObMi
Oct 11, 2023 10:40:30 PM org.flywaydb.core.internal.license.VersionPrinter printVersion
INFO: 
Oct 11, 2023 10:40:31 PM org.flywaydb.core.FlywayExecutor execute
INFO: Database: jdbc:h2:file:/home/jimple/Documents/ysyx/ysyx-workbench/npc_chisel/.metals/metals (H2 2.1)
Oct 11, 2023 10:40:31 PM org.flywaydb.core.internal.command.DbValidate validate
INFO: Successfully validated 4 migrations (execution time 00:00.024s)
Oct 11, 2023 10:40:31 PM org.flywaydb.core.internal.command.DbMigrate migrateGroup
INFO: Current version of schema "PUBLIC": 4
Oct 11, 2023 10:40:31 PM org.flywaydb.core.internal.command.DbMigrate logSummary
INFO: Schema "PUBLIC" is up to date. No migration necessary.
2023.10.11 22:40:31 INFO  time: initialize in 0.46s[0m
2023.10.11 22:40:32 WARN  Build server is not auto-connectable.[0m
2023.10.11 22:40:32 INFO  skipping build import with status 'Failed'[0m
DanglingParentheses: top-level presets deprecated; use 'preset' subsection
2023.10.11 22:56:36 INFO  Shutting down server[0m
2023.10.11 22:56:36 INFO  shutting down Metals[0m
2023.10.11 22:56:36 INFO  Exiting server[0m
