2023.10.09 22:51:21 INFO  Started: Metals version 1.0.1 in folders '/home/jimple/Documents/ysyx/ysyx-workbench/npc_chisel/chisel-template-main' for client Visual Studio Code 1.82.2.[0m
Oct 09, 2023 10:51:21 PM org.flywaydb.core.internal.license.VersionPrinter printVersionOnly
INFO: Flyway Community Edition 9.21.2 by Redgate
Oct 09, 2023 10:51:21 PM org.flywaydb.core.internal.license.VersionPrinter printVersion
INFO: See release notes here: https://rd.gt/416ObMi
Oct 09, 2023 10:51:21 PM org.flywaydb.core.internal.license.VersionPrinter printVersion
INFO: 
Oct 09, 2023 10:51:21 PM org.flywaydb.core.FlywayExecutor execute
INFO: Database: jdbc:h2:file:/home/jimple/Documents/ysyx/ysyx-workbench/npc_chisel/chisel-template-main/.metals/metals (H2 2.1)
Oct 09, 2023 10:51:21 PM org.flywaydb.core.internal.schemahistory.JdbcTableSchemaHistory allAppliedMigrations
INFO: Schema history table "PUBLIC"."flyway_schema_history" does not exist yet
Oct 09, 2023 10:51:21 PM org.flywaydb.core.internal.command.DbValidate validate
INFO: Successfully validated 4 migrations (execution time 00:00.013s)
Oct 09, 2023 10:51:21 PM org.flywaydb.core.internal.schemahistory.JdbcTableSchemaHistory create
INFO: Creating Schema History table "PUBLIC"."flyway_schema_history" ...
Oct 09, 2023 10:51:21 PM org.flywaydb.core.internal.command.DbMigrate migrateGroup
INFO: Current version of schema "PUBLIC": << Empty Schema >>
Oct 09, 2023 10:51:21 PM org.flywaydb.core.internal.command.DbMigrate doMigrateGroup
INFO: Migrating schema "PUBLIC" to version "1 - Create tables"
Oct 09, 2023 10:51:21 PM org.flywaydb.core.internal.command.DbMigrate doMigrateGroup
INFO: Migrating schema "PUBLIC" to version "2 - Server discovery"
Oct 09, 2023 10:51:21 PM org.flywaydb.core.internal.command.DbMigrate doMigrateGroup
INFO: Migrating schema "PUBLIC" to version "3 - Jar symbols"
Oct 09, 2023 10:51:21 PM org.flywaydb.core.internal.command.DbMigrate doMigrateGroup
INFO: Migrating schema "PUBLIC" to version "4 - Fingerprints"
Oct 09, 2023 10:51:22 PM org.flywaydb.core.internal.command.DbMigrate logSummary
INFO: Successfully applied 4 migrations to schema "PUBLIC", now at version v4 (execution time 00:00.019s)
2023.10.09 22:51:22 INFO  time: initialize in 0.52s[0m
2023.10.09 22:51:23 WARN  Build server is not auto-connectable.[0m
2023.10.09 22:51:23 WARN  no build tool detected in workspace '/home/jimple/Documents/ysyx/ysyx-workbench/npc_chisel/chisel-template-main'. The most common cause for this problem is that the editor was opened in the wrong working directory, for example if you use sbt then the workspace directory should contain build.sbt. [0m
2023.10.10 00:18:11 INFO  Shutting down server[0m
2023.10.10 00:18:11 INFO  shutting down Metals[0m
2023.10.10 00:18:11 INFO  Exiting server[0m
