2023.10.08 19:45:35 INFO  Started: Metals version 1.0.1 in folders '/home/jimple/Documents/ysyx/ysyx-workbench' for client Visual Studio Code 1.82.2.[0m
Oct 08, 2023 7:45:35 PM org.flywaydb.core.internal.license.VersionPrinter printVersionOnly
INFO: Flyway Community Edition 9.21.2 by Redgate
Oct 08, 2023 7:45:35 PM org.flywaydb.core.internal.license.VersionPrinter printVersion
INFO: See release notes here: https://rd.gt/416ObMi
Oct 08, 2023 7:45:35 PM org.flywaydb.core.internal.license.VersionPrinter printVersion
INFO: 
Oct 08, 2023 7:45:35 PM org.flywaydb.core.FlywayExecutor execute
INFO: Database: jdbc:h2:file:/home/jimple/Documents/ysyx/ysyx-workbench/.metals/metals (H2 2.1)
Oct 08, 2023 7:45:35 PM org.flywaydb.core.internal.schemahistory.JdbcTableSchemaHistory allAppliedMigrations
INFO: Schema history table "PUBLIC"."flyway_schema_history" does not exist yet
Oct 08, 2023 7:45:35 PM org.flywaydb.core.internal.command.DbValidate validate
INFO: Successfully validated 4 migrations (execution time 00:00.008s)
Oct 08, 2023 7:45:35 PM org.flywaydb.core.internal.schemahistory.JdbcTableSchemaHistory create
INFO: Creating Schema History table "PUBLIC"."flyway_schema_history" ...
Oct 08, 2023 7:45:35 PM org.flywaydb.core.internal.command.DbMigrate migrateGroup
INFO: Current version of schema "PUBLIC": << Empty Schema >>
Oct 08, 2023 7:45:35 PM org.flywaydb.core.internal.command.DbMigrate doMigrateGroup
INFO: Migrating schema "PUBLIC" to version "1 - Create tables"
Oct 08, 2023 7:45:35 PM org.flywaydb.core.internal.command.DbMigrate doMigrateGroup
INFO: Migrating schema "PUBLIC" to version "2 - Server discovery"
Oct 08, 2023 7:45:35 PM org.flywaydb.core.internal.command.DbMigrate doMigrateGroup
INFO: Migrating schema "PUBLIC" to version "3 - Jar symbols"
Oct 08, 2023 7:45:35 PM org.flywaydb.core.internal.command.DbMigrate doMigrateGroup
INFO: Migrating schema "PUBLIC" to version "4 - Fingerprints"
Oct 08, 2023 7:45:35 PM org.flywaydb.core.internal.command.DbMigrate logSummary
INFO: Successfully applied 4 migrations to schema "PUBLIC", now at version v4 (execution time 00:00.011s)
2023.10.08 19:45:35 INFO  time: initialize in 0.32s[0m
2023.10.08 19:45:35 WARN  scala-cli >= 0.1.3 not found in PATH, fetching and starting a JVM-based Scala CLI[0m
2023.10.08 19:46:15 INFO  Found Java version 11. Scala CLI requires at least Java 17, getting a temurin:17 JVM via coursier-jvm.[0m
2023.10.08 19:48:25 ERROR Unexpected error initializing server: 
java.lang.Exception: Error while getting https://github.com/coursier/jvm-index/raw/master/index.json: download error: Caught java.net.ConnectException (Connection timed out (Connection timed out)) while downloading https://github.com/coursier/jvm-index/raw/master/index.json
	at coursierapi.shaded.coursier.jvm.JvmIndex$.$anonfun$load$5(JvmIndex.scala:142)
	at coursierapi.shaded.coursier.jvm.JvmIndex$.$anonfun$load$5$adapted(JvmIndex.scala:140)
	at coursierapi.shaded.coursier.util.Task$.$anonfun$flatMap$extension$1(Task.scala:14)
	at coursierapi.shaded.coursier.util.Task$.$anonfun$flatMap$extension$1$adapted(Task.scala:14)
	at coursierapi.shaded.coursier.util.Task$.wrap(Task.scala:82)
	at coursierapi.shaded.coursier.util.Task$.$anonfun$flatMap$2(Task.scala:14)
	at coursierapi.shaded.scala.concurrent.impl.Promise$Transformation.run(Promise.scala:470)
	at java.util.concurrent.ThreadPoolExecutor.runWorker(ThreadPoolExecutor.java:1128)
	at java.util.concurrent.ThreadPoolExecutor$Worker.run(ThreadPoolExecutor.java:628)
	at java.lang.Thread.run(Thread.java:829)
[0m
2023.10.08 19:51:33 INFO  no build target found for /home/jimple/Documents/ysyx/ysyx-workbench/npc/playground/src/Elaborate.scala. Using presentation compiler with project's scala-library version: 3.3.0[0m
2023.10.08 19:51:33 INFO  Shutting down server[0m
2023.10.08 19:51:33 INFO  shutting down Metals[0m
Oct 08, 2023 7:51:34 PM org.flywaydb.core.FlywayExecutor execute
INFO: Database: jdbc:h2:file:/home/jimple/Documents/ysyx/ysyx-workbench/.metals/metals (H2 2.1)
Oct 08, 2023 7:51:34 PM org.flywaydb.core.internal.command.DbValidate validate
INFO: Successfully validated 4 migrations (execution time 00:00.003s)
Oct 08, 2023 7:51:34 PM org.flywaydb.core.internal.command.DbMigrate migrateGroup
INFO: Current version of schema "PUBLIC": 4
Oct 08, 2023 7:51:34 PM org.flywaydb.core.internal.command.DbMigrate logSummary
INFO: Schema "PUBLIC" is up to date. No migration necessary.
2023.10.08 19:51:34 INFO  Exiting server[0m
2023.10.08 19:51:34 INFO  time: code lens generation in 18s[0m
2023.10.08 19:52:18 INFO  Started: Metals version 1.0.1 in folders '/home/jimple/Documents/ysyx/ysyx-workbench' for client Visual Studio Code 1.82.2.[0m
Oct 08, 2023 7:52:18 PM org.flywaydb.core.internal.license.VersionPrinter printVersionOnly
INFO: Flyway Community Edition 9.21.2 by Redgate
Oct 08, 2023 7:52:18 PM org.flywaydb.core.internal.license.VersionPrinter printVersion
INFO: See release notes here: https://rd.gt/416ObMi
Oct 08, 2023 7:52:18 PM org.flywaydb.core.internal.license.VersionPrinter printVersion
INFO: 
Oct 08, 2023 7:52:22 PM org.flywaydb.core.FlywayExecutor execute
INFO: Database: jdbc:h2:file:/home/jimple/Documents/ysyx/ysyx-workbench/.metals/metals (H2 2.1)
Oct 08, 2023 7:52:22 PM org.flywaydb.core.internal.command.DbValidate validate
INFO: Successfully validated 4 migrations (execution time 00:00.012s)
Oct 08, 2023 7:52:22 PM org.flywaydb.core.internal.command.DbMigrate migrateGroup
INFO: Current version of schema "PUBLIC": 4
Oct 08, 2023 7:52:22 PM org.flywaydb.core.internal.command.DbMigrate logSummary
INFO: Schema "PUBLIC" is up to date. No migration necessary.
2023.10.08 19:52:22 INFO  time: initialize in 3.58s[0m
2023.10.08 19:52:23 WARN  scala-cli >= 0.1.3 not found in PATH, fetching and starting a JVM-based Scala CLI[0m
2023.10.08 19:52:44 INFO  Found Java version 11. Scala CLI requires at least Java 17, getting a temurin:17 JVM via coursier-jvm.[0m
2023.10.08 20:03:24 ERROR Unexpected error initializing server: 
coursierapi.shaded.coursier.cache.ArtifactError$DownloadError: download error: Caught java.net.ConnectException (Connection timed out (Connection timed out)) while downloading https://github.com/adoptium/temurin17-binaries/releases/download/jdk-17%2B35/OpenJDK17-jdk_x64_linux_hotspot_17_35.tar.gz
	at coursierapi.shaded.coursier.cache.internal.Downloader$.helper$2(Downloader.scala:793)
	at coursierapi.shaded.coursier.cache.internal.Downloader$.coursier$cache$internal$Downloader$$downloading(Downloader.scala:806)
	at coursierapi.shaded.coursier.cache.internal.Downloader$Blocking$.remote(Downloader.scala:415)
	at coursierapi.shaded.coursier.cache.internal.Downloader.$anonfun$remote$6(Downloader.scala:533)
	at coursierapi.shaded.scala.concurrent.Future$.$anonfun$apply$1(Future.scala:678)
	at coursierapi.shaded.scala.concurrent.impl.Promise$Transformation.run(Promise.scala:467)
	at java.util.concurrent.ThreadPoolExecutor.runWorker(ThreadPoolExecutor.java:1128)
	at java.util.concurrent.ThreadPoolExecutor$Worker.run(ThreadPoolExecutor.java:628)
	at java.lang.Thread.run(Thread.java:829)
Caused by: java.net.ConnectException: Connection timed out (Connection timed out)
	at java.net.PlainSocketImpl.socketConnect(Native Method)
	at java.net.AbstractPlainSocketImpl.doConnect(AbstractPlainSocketImpl.java:412)
	at java.net.AbstractPlainSocketImpl.connectToAddress(AbstractPlainSocketImpl.java:255)
	at java.net.AbstractPlainSocketImpl.connect(AbstractPlainSocketImpl.java:237)
	at java.net.SocksSocketImpl.connect(SocksSocketImpl.java:392)
	at java.net.Socket.connect(Socket.java:609)
	at sun.security.ssl.SSLSocketImpl.connect(SSLSocketImpl.java:305)
	at sun.security.ssl.BaseSSLSocketImpl.connect(BaseSSLSocketImpl.java:173)
	at sun.net.NetworkClient.doConnect(NetworkClient.java:182)
	at sun.net.www.http.HttpClient.openServer(HttpClient.java:509)
	at sun.net.www.http.HttpClient.openServer(HttpClient.java:604)
	at sun.net.www.http.HttpClient.parseHTTPHeader(HttpClient.java:910)
	at sun.net.www.http.HttpClient.parseHTTP(HttpClient.java:724)
	at sun.net.www.protocol.http.HttpURLConnection.getInputStream0(HttpURLConnection.java:1615)
	at sun.net.www.protocol.http.HttpURLConnection.getInputStream(HttpURLConnection.java:1520)
	at java.net.HttpURLConnection.getResponseCode(HttpURLConnection.java:527)
	at sun.net.www.protocol.https.HttpsURLConnectionImpl.getResponseCode(HttpsURLConnectionImpl.java:334)
	at coursierapi.shaded.coursier.cache.CacheUrl$.redirectTo(CacheUrl.scala:179)
	at coursierapi.shaded.coursier.cache.CacheUrl$.redirect(CacheUrl.scala:194)
	at coursierapi.shaded.coursier.cache.CacheUrl$.urlConnectionMaybePartial(CacheUrl.scala:350)
	at coursierapi.shaded.coursier.cache.ConnectionBuilder.connectionMaybePartial(ConnectionBuilder.scala:50)
	at coursierapi.shaded.coursier.cache.internal.Downloader$Blocking$.doDownload(Downloader.scala:222)
	at coursierapi.shaded.coursier.cache.internal.Downloader$Blocking$.$anonfun$remote$2(Downloader.scala:410)
	at coursierapi.shaded.coursier.cache.CacheLocks$.loop$1(CacheLocks.scala:73)
	at coursierapi.shaded.coursier.cache.CacheLocks$.withLockOr(CacheLocks.scala:93)
	at coursierapi.shaded.coursier.cache.internal.Downloader$Blocking$.$anonfun$remote$1(Downloader.scala:413)
	at coursierapi.shaded.coursier.cache.internal.Downloader$.$anonfun$downloading$1(Downloader.scala:764)
	at coursierapi.shaded.coursier.cache.CacheLocks$.withUrlLock(CacheLocks.scala:112)
	at coursierapi.shaded.coursier.cache.internal.Downloader$.helper$2(Downloader.scala:764)
	at coursierapi.shaded.coursier.cache.internal.Downloader$.coursier$cache$internal$Downloader$$downloading(Downloader.scala:806)
	at coursierapi.shaded.coursier.cache.internal.Downloader$Blocking$.remote(Downloader.scala:415)
	at coursierapi.shaded.coursier.cache.internal.Downloader.$anonfun$remote$6(Downloader.scala:533)
	at coursierapi.shaded.scala.concurrent.Future$.$anonfun$apply$1(Future.scala:678)
	at coursierapi.shaded.scala.concurrent.impl.Promise$Transformation.run(Promise.scala:467)
	at java.util.concurrent.ThreadPoolExecutor.runWorker(ThreadPoolExecutor.java:1128)
	at java.util.concurrent.ThreadPoolExecutor$Worker.run(ThreadPoolExecutor.java:628)
	at java.lang.Thread.run(Thread.java:829)
[0m
2023.10.08 20:36:17 INFO  no build target found for /home/jimple/Documents/ysyx/ysyx-workbench/npc/build.sc. Using presentation compiler with project's scala-library version: 3.3.0[0m
